The system is: Darwin - 12.5.0 - i386
Compiling the C compiler identification source file "CMakeCCompilerId.c" succeeded.
Compiler: /usr/bin/cc 
Build flags: 
Id flags: 

The output was:
0


Compilation of the C compiler identification source "CMakeCCompilerId.c" produced "a.out"

The C compiler identification is Clang, found in "/Users/er113/2014-05_beth_pcbm-cg-dos/gromacs-4.6.5/build/CMakeFiles/2.8.12.2/CompilerIdC/a.out"

Determining if the C compiler works passed with the following output:
Change Dir: /Users/er113/2014-05_beth_pcbm-cg-dos/gromacs-4.6.5/build/CMakeFiles/CMakeTmp

Run Build Command:/usr/bin/make "cmTryCompileExec1962977437/fast"
/usr/bin/make -f CMakeFiles/cmTryCompileExec1962977437.dir/build.make CMakeFiles/cmTryCompileExec1962977437.dir/build
"/Applications/CMake 2.8-12.app/Contents/bin/cmake" -E cmake_progress_report /Users/er113/2014-05_beth_pcbm-cg-dos/gromacs-4.6.5/build/CMakeFiles/CMakeTmp/CMakeFiles 1
Building C object CMakeFiles/cmTryCompileExec1962977437.dir/testCCompiler.c.o
/usr/bin/cc    -o CMakeFiles/cmTryCompileExec1962977437.dir/testCCompiler.c.o   -c /Users/er113/2014-05_beth_pcbm-cg-dos/gromacs-4.6.5/build/CMakeFiles/CMakeTmp/testCCompiler.c
Linking C executable cmTryCompileExec1962977437
"/Applications/CMake 2.8-12.app/Contents/bin/cmake" -E cmake_link_script CMakeFiles/cmTryCompileExec1962977437.dir/link.txt --verbose=1
/usr/bin/cc    -Wl,-search_paths_first -Wl,-headerpad_max_install_names   CMakeFiles/cmTryCompileExec1962977437.dir/testCCompiler.c.o  -o cmTryCompileExec1962977437  


Detecting C compiler ABI info compiled with the following output:
Change Dir: /Users/er113/2014-05_beth_pcbm-cg-dos/gromacs-4.6.5/build/CMakeFiles/CMakeTmp

Run Build Command:/usr/bin/make "cmTryCompileExec3317410156/fast"
/usr/bin/make -f CMakeFiles/cmTryCompileExec3317410156.dir/build.make CMakeFiles/cmTryCompileExec3317410156.dir/build
"/Applications/CMake 2.8-12.app/Contents/bin/cmake" -E cmake_progress_report /Users/er113/2014-05_beth_pcbm-cg-dos/gromacs-4.6.5/build/CMakeFiles/CMakeTmp/CMakeFiles 1
Building C object CMakeFiles/cmTryCompileExec3317410156.dir/CMakeCCompilerABI.c.o
/usr/bin/cc    -o CMakeFiles/cmTryCompileExec3317410156.dir/CMakeCCompilerABI.c.o   -c "/Applications/CMake 2.8-12.app/Contents/share/cmake-2.8/Modules/CMakeCCompilerABI.c"
Linking C executable cmTryCompileExec3317410156
"/Applications/CMake 2.8-12.app/Contents/bin/cmake" -E cmake_link_script CMakeFiles/cmTryCompileExec3317410156.dir/link.txt --verbose=1
/usr/bin/cc    -Wl,-search_paths_first -Wl,-headerpad_max_install_names -v -Wl,-v CMakeFiles/cmTryCompileExec3317410156.dir/CMakeCCompilerABI.c.o  -o cmTryCompileExec3317410156   
Apple LLVM version 5.1 (clang-503.0.40) (based on LLVM 3.4svn)
Target: x86_64-apple-darwin12.5.0
Thread model: posix
 "/usr/bin/ld" -demangle -dynamic -arch x86_64 -macosx_version_min 10.8.0 -o cmTryCompileExec3317410156 -search_paths_first -headerpad_max_install_names -v CMakeFiles/cmTryCompileExec3317410156.dir/CMakeCCompilerABI.c.o -lSystem /usr/bin/../lib/clang/5.1/lib/darwin/libclang_rt.osx.a
@(#)PROGRAM:ld  PROJECT:ld64-236.4
configured to support archs: armv6 armv7 armv7s arm64 i386 x86_64 armv6m armv7m armv7em
Library search paths:
	/usr/lib
	/usr/local/lib
Framework search paths:
	/Library/Frameworks/
	/System/Library/Frameworks/


Parsed C implicit link information from above output:
  link line regex: [^( *|.*[/\])(ld|([^/\]+-)?ld|collect2)[^/\]*( |$)]
  ignore line: [Change Dir: /Users/er113/2014-05_beth_pcbm-cg-dos/gromacs-4.6.5/build/CMakeFiles/CMakeTmp]
  ignore line: []
  ignore line: [Run Build Command:/usr/bin/make "cmTryCompileExec3317410156/fast"]
  ignore line: [/usr/bin/make -f CMakeFiles/cmTryCompileExec3317410156.dir/build.make CMakeFiles/cmTryCompileExec3317410156.dir/build]
  ignore line: ["/Applications/CMake 2.8-12.app/Contents/bin/cmake" -E cmake_progress_report /Users/er113/2014-05_beth_pcbm-cg-dos/gromacs-4.6.5/build/CMakeFiles/CMakeTmp/CMakeFiles 1]
  ignore line: [Building C object CMakeFiles/cmTryCompileExec3317410156.dir/CMakeCCompilerABI.c.o]
  ignore line: [/usr/bin/cc    -o CMakeFiles/cmTryCompileExec3317410156.dir/CMakeCCompilerABI.c.o   -c "/Applications/CMake 2.8-12.app/Contents/share/cmake-2.8/Modules/CMakeCCompilerABI.c"]
  ignore line: [Linking C executable cmTryCompileExec3317410156]
  ignore line: ["/Applications/CMake 2.8-12.app/Contents/bin/cmake" -E cmake_link_script CMakeFiles/cmTryCompileExec3317410156.dir/link.txt --verbose=1]
  ignore line: [/usr/bin/cc    -Wl,-search_paths_first -Wl,-headerpad_max_install_names -v -Wl,-v CMakeFiles/cmTryCompileExec3317410156.dir/CMakeCCompilerABI.c.o  -o cmTryCompileExec3317410156   ]
  ignore line: [Apple LLVM version 5.1 (clang-503.0.40) (based on LLVM 3.4svn)]
  ignore line: [Target: x86_64-apple-darwin12.5.0]
  ignore line: [Thread model: posix]
  link line: [ "/usr/bin/ld" -demangle -dynamic -arch x86_64 -macosx_version_min 10.8.0 -o cmTryCompileExec3317410156 -search_paths_first -headerpad_max_install_names -v CMakeFiles/cmTryCompileExec3317410156.dir/CMakeCCompilerABI.c.o -lSystem /usr/bin/../lib/clang/5.1/lib/darwin/libclang_rt.osx.a]
    arg [/usr/bin/ld] ==> ignore
    arg [-demangle] ==> ignore
    arg [-dynamic] ==> ignore
    arg [-arch] ==> ignore
    arg [x86_64] ==> ignore
    arg [-macosx_version_min] ==> ignore
    arg [10.8.0] ==> ignore
    arg [-o] ==> ignore
    arg [cmTryCompileExec3317410156] ==> ignore
    arg [-search_paths_first] ==> ignore
    arg [-headerpad_max_install_names] ==> ignore
    arg [-v] ==> ignore
    arg [CMakeFiles/cmTryCompileExec3317410156.dir/CMakeCCompilerABI.c.o] ==> ignore
    arg [-lSystem] ==> lib [System]
    arg [/usr/bin/../lib/clang/5.1/lib/darwin/libclang_rt.osx.a] ==> lib [/usr/bin/../lib/clang/5.1/lib/darwin/libclang_rt.osx.a]
  Library search paths: [;/usr/lib;/usr/local/lib]
  Framework search paths: [;/Library/Frameworks/;/System/Library/Frameworks/]
  remove lib [System]
  collapse lib [/usr/bin/../lib/clang/5.1/lib/darwin/libclang_rt.osx.a] ==> [/usr/lib/clang/5.1/lib/darwin/libclang_rt.osx.a]
  collapse library dir [/usr/lib] ==> [/usr/lib]
  collapse library dir [/usr/local/lib] ==> [/usr/local/lib]
  collapse framework dir [/Library/Frameworks/] ==> [/Library/Frameworks]
  collapse framework dir [/System/Library/Frameworks/] ==> [/System/Library/Frameworks]
  implicit libs: [/usr/lib/clang/5.1/lib/darwin/libclang_rt.osx.a]
  implicit dirs: [/usr/lib;/usr/local/lib]
  implicit fwks: [/Library/Frameworks;/System/Library/Frameworks]


Performing C SOURCE FILE Test CFLAGS_PRAGMA succeded with the following output:
Change Dir: /Users/er113/2014-05_beth_pcbm-cg-dos/gromacs-4.6.5/build/CMakeFiles/CMakeTmp

Run Build Command:/usr/bin/make "cmTryCompileExec3137932900/fast"
/usr/bin/make -f CMakeFiles/cmTryCompileExec3137932900.dir/build.make CMakeFiles/cmTryCompileExec3137932900.dir/build
"/Applications/CMake 2.8-12.app/Contents/bin/cmake" -E cmake_progress_report /Users/er113/2014-05_beth_pcbm-cg-dos/gromacs-4.6.5/build/CMakeFiles/CMakeTmp/CMakeFiles 1
Building C object CMakeFiles/cmTryCompileExec3137932900.dir/src.c.o
/usr/bin/cc   -DCFLAGS_PRAGMA   -Wno-unknown-pragmas -o CMakeFiles/cmTryCompileExec3137932900.dir/src.c.o   -c /Users/er113/2014-05_beth_pcbm-cg-dos/gromacs-4.6.5/build/CMakeFiles/CMakeTmp/src.c
Linking C executable cmTryCompileExec3137932900
"/Applications/CMake 2.8-12.app/Contents/bin/cmake" -E cmake_link_script CMakeFiles/cmTryCompileExec3137932900.dir/link.txt --verbose=1
/usr/bin/cc   -DCFLAGS_PRAGMA -Wl,-search_paths_first -Wl,-headerpad_max_install_names   CMakeFiles/cmTryCompileExec3137932900.dir/src.c.o  -o cmTryCompileExec3137932900  

Source file was:
int main(void) { return 0; }
Performing C SOURCE FILE Test CFLAGS_WARN succeded with the following output:
Change Dir: /Users/er113/2014-05_beth_pcbm-cg-dos/gromacs-4.6.5/build/CMakeFiles/CMakeTmp

Run Build Command:/usr/bin/make "cmTryCompileExec124487457/fast"
/usr/bin/make -f CMakeFiles/cmTryCompileExec124487457.dir/build.make CMakeFiles/cmTryCompileExec124487457.dir/build
"/Applications/CMake 2.8-12.app/Contents/bin/cmake" -E cmake_progress_report /Users/er113/2014-05_beth_pcbm-cg-dos/gromacs-4.6.5/build/CMakeFiles/CMakeTmp/CMakeFiles 1
Building C object CMakeFiles/cmTryCompileExec124487457.dir/src.c.o
/usr/bin/cc   -DCFLAGS_WARN   -Wall -Wno-unused -Wunused-value -o CMakeFiles/cmTryCompileExec124487457.dir/src.c.o   -c /Users/er113/2014-05_beth_pcbm-cg-dos/gromacs-4.6.5/build/CMakeFiles/CMakeTmp/src.c
Linking C executable cmTryCompileExec124487457
"/Applications/CMake 2.8-12.app/Contents/bin/cmake" -E cmake_link_script CMakeFiles/cmTryCompileExec124487457.dir/link.txt --verbose=1
/usr/bin/cc   -DCFLAGS_WARN -Wl,-search_paths_first -Wl,-headerpad_max_install_names   CMakeFiles/cmTryCompileExec124487457.dir/src.c.o  -o cmTryCompileExec124487457  

Source file was:
int main(void) { return 0; }
Determining if files string.h exist passed with the following output:
Change Dir: /Users/er113/2014-05_beth_pcbm-cg-dos/gromacs-4.6.5/build/CMakeFiles/CMakeTmp

Run Build Command:/usr/bin/make "cmTryCompileExec3090303247/fast"
/usr/bin/make -f CMakeFiles/cmTryCompileExec3090303247.dir/build.make CMakeFiles/cmTryCompileExec3090303247.dir/build
"/Applications/CMake 2.8-12.app/Contents/bin/cmake" -E cmake_progress_report /Users/er113/2014-05_beth_pcbm-cg-dos/gromacs-4.6.5/build/CMakeFiles/CMakeTmp/CMakeFiles 1
Building C object CMakeFiles/cmTryCompileExec3090303247.dir/CheckIncludeFiles.c.o
/usr/bin/cc   -Wall -Wno-unused -Wunused-value -Wno-unknown-pragmas      -o CMakeFiles/cmTryCompileExec3090303247.dir/CheckIncludeFiles.c.o   -c /Users/er113/2014-05_beth_pcbm-cg-dos/gromacs-4.6.5/build/CMakeFiles/CMakeTmp/CheckIncludeFiles.c
Linking C executable cmTryCompileExec3090303247
"/Applications/CMake 2.8-12.app/Contents/bin/cmake" -E cmake_link_script CMakeFiles/cmTryCompileExec3090303247.dir/link.txt --verbose=1
/usr/bin/cc  -Wall -Wno-unused -Wunused-value -Wno-unknown-pragmas    -Wl,-search_paths_first -Wl,-headerpad_max_install_names   CMakeFiles/cmTryCompileExec3090303247.dir/CheckIncludeFiles.c.o  -o cmTryCompileExec3090303247  


Determining if files math.h exist passed with the following output:
Change Dir: /Users/er113/2014-05_beth_pcbm-cg-dos/gromacs-4.6.5/build/CMakeFiles/CMakeTmp

Run Build Command:/usr/bin/make "cmTryCompileExec1005123734/fast"
/usr/bin/make -f CMakeFiles/cmTryCompileExec1005123734.dir/build.make CMakeFiles/cmTryCompileExec1005123734.dir/build
"/Applications/CMake 2.8-12.app/Contents/bin/cmake" -E cmake_progress_report /Users/er113/2014-05_beth_pcbm-cg-dos/gromacs-4.6.5/build/CMakeFiles/CMakeTmp/CMakeFiles 1
Building C object CMakeFiles/cmTryCompileExec1005123734.dir/CheckIncludeFiles.c.o
/usr/bin/cc   -Wall -Wno-unused -Wunused-value -Wno-unknown-pragmas      -o CMakeFiles/cmTryCompileExec1005123734.dir/CheckIncludeFiles.c.o   -c /Users/er113/2014-05_beth_pcbm-cg-dos/gromacs-4.6.5/build/CMakeFiles/CMakeTmp/CheckIncludeFiles.c
Linking C executable cmTryCompileExec1005123734
"/Applications/CMake 2.8-12.app/Contents/bin/cmake" -E cmake_link_script CMakeFiles/cmTryCompileExec1005123734.dir/link.txt --verbose=1
/usr/bin/cc  -Wall -Wno-unused -Wunused-value -Wno-unknown-pragmas    -Wl,-search_paths_first -Wl,-headerpad_max_install_names   CMakeFiles/cmTryCompileExec1005123734.dir/CheckIncludeFiles.c.o  -o cmTryCompileExec1005123734  


Determining if files limits.h exist passed with the following output:
Change Dir: /Users/er113/2014-05_beth_pcbm-cg-dos/gromacs-4.6.5/build/CMakeFiles/CMakeTmp

Run Build Command:/usr/bin/make "cmTryCompileExec3935413703/fast"
/usr/bin/make -f CMakeFiles/cmTryCompileExec3935413703.dir/build.make CMakeFiles/cmTryCompileExec3935413703.dir/build
"/Applications/CMake 2.8-12.app/Contents/bin/cmake" -E cmake_progress_report /Users/er113/2014-05_beth_pcbm-cg-dos/gromacs-4.6.5/build/CMakeFiles/CMakeTmp/CMakeFiles 1
Building C object CMakeFiles/cmTryCompileExec3935413703.dir/CheckIncludeFiles.c.o
/usr/bin/cc   -Wall -Wno-unused -Wunused-value -Wno-unknown-pragmas      -o CMakeFiles/cmTryCompileExec3935413703.dir/CheckIncludeFiles.c.o   -c /Users/er113/2014-05_beth_pcbm-cg-dos/gromacs-4.6.5/build/CMakeFiles/CMakeTmp/CheckIncludeFiles.c
Linking C executable cmTryCompileExec3935413703
"/Applications/CMake 2.8-12.app/Contents/bin/cmake" -E cmake_link_script CMakeFiles/cmTryCompileExec3935413703.dir/link.txt --verbose=1
/usr/bin/cc  -Wall -Wno-unused -Wunused-value -Wno-unknown-pragmas    -Wl,-search_paths_first -Wl,-headerpad_max_install_names   CMakeFiles/cmTryCompileExec3935413703.dir/CheckIncludeFiles.c.o  -o cmTryCompileExec3935413703  


Determining if files memory.h exist passed with the following output:
Change Dir: /Users/er113/2014-05_beth_pcbm-cg-dos/gromacs-4.6.5/build/CMakeFiles/CMakeTmp

Run Build Command:/usr/bin/make "cmTryCompileExec3483100832/fast"
/usr/bin/make -f CMakeFiles/cmTryCompileExec3483100832.dir/build.make CMakeFiles/cmTryCompileExec3483100832.dir/build
"/Applications/CMake 2.8-12.app/Contents/bin/cmake" -E cmake_progress_report /Users/er113/2014-05_beth_pcbm-cg-dos/gromacs-4.6.5/build/CMakeFiles/CMakeTmp/CMakeFiles 1
Building C object CMakeFiles/cmTryCompileExec3483100832.dir/CheckIncludeFiles.c.o
/usr/bin/cc   -Wall -Wno-unused -Wunused-value -Wno-unknown-pragmas      -o CMakeFiles/cmTryCompileExec3483100832.dir/CheckIncludeFiles.c.o   -c /Users/er113/2014-05_beth_pcbm-cg-dos/gromacs-4.6.5/build/CMakeFiles/CMakeTmp/CheckIncludeFiles.c
Linking C executable cmTryCompileExec3483100832
"/Applications/CMake 2.8-12.app/Contents/bin/cmake" -E cmake_link_script CMakeFiles/cmTryCompileExec3483100832.dir/link.txt --verbose=1
/usr/bin/cc  -Wall -Wno-unused -Wunused-value -Wno-unknown-pragmas    -Wl,-search_paths_first -Wl,-headerpad_max_install_names   CMakeFiles/cmTryCompileExec3483100832.dir/CheckIncludeFiles.c.o  -o cmTryCompileExec3483100832  


Determining if files unistd.h exist passed with the following output:
Change Dir: /Users/er113/2014-05_beth_pcbm-cg-dos/gromacs-4.6.5/build/CMakeFiles/CMakeTmp

Run Build Command:/usr/bin/make "cmTryCompileExec1848974628/fast"
/usr/bin/make -f CMakeFiles/cmTryCompileExec1848974628.dir/build.make CMakeFiles/cmTryCompileExec1848974628.dir/build
"/Applications/CMake 2.8-12.app/Contents/bin/cmake" -E cmake_progress_report /Users/er113/2014-05_beth_pcbm-cg-dos/gromacs-4.6.5/build/CMakeFiles/CMakeTmp/CMakeFiles 1
Building C object CMakeFiles/cmTryCompileExec1848974628.dir/CheckIncludeFiles.c.o
/usr/bin/cc   -Wall -Wno-unused -Wunused-value -Wno-unknown-pragmas      -o CMakeFiles/cmTryCompileExec1848974628.dir/CheckIncludeFiles.c.o   -c /Users/er113/2014-05_beth_pcbm-cg-dos/gromacs-4.6.5/build/CMakeFiles/CMakeTmp/CheckIncludeFiles.c
Linking C executable cmTryCompileExec1848974628
"/Applications/CMake 2.8-12.app/Contents/bin/cmake" -E cmake_link_script CMakeFiles/cmTryCompileExec1848974628.dir/link.txt --verbose=1
/usr/bin/cc  -Wall -Wno-unused -Wunused-value -Wno-unknown-pragmas    -Wl,-search_paths_first -Wl,-headerpad_max_install_names   CMakeFiles/cmTryCompileExec1848974628.dir/CheckIncludeFiles.c.o  -o cmTryCompileExec1848974628  


Determining if files pwd.h exist passed with the following output:
Change Dir: /Users/er113/2014-05_beth_pcbm-cg-dos/gromacs-4.6.5/build/CMakeFiles/CMakeTmp

Run Build Command:/usr/bin/make "cmTryCompileExec321554724/fast"
/usr/bin/make -f CMakeFiles/cmTryCompileExec321554724.dir/build.make CMakeFiles/cmTryCompileExec321554724.dir/build
"/Applications/CMake 2.8-12.app/Contents/bin/cmake" -E cmake_progress_report /Users/er113/2014-05_beth_pcbm-cg-dos/gromacs-4.6.5/build/CMakeFiles/CMakeTmp/CMakeFiles 1
Building C object CMakeFiles/cmTryCompileExec321554724.dir/CheckIncludeFiles.c.o
/usr/bin/cc   -Wall -Wno-unused -Wunused-value -Wno-unknown-pragmas      -o CMakeFiles/cmTryCompileExec321554724.dir/CheckIncludeFiles.c.o   -c /Users/er113/2014-05_beth_pcbm-cg-dos/gromacs-4.6.5/build/CMakeFiles/CMakeTmp/CheckIncludeFiles.c
Linking C executable cmTryCompileExec321554724
"/Applications/CMake 2.8-12.app/Contents/bin/cmake" -E cmake_link_script CMakeFiles/cmTryCompileExec321554724.dir/link.txt --verbose=1
/usr/bin/cc  -Wall -Wno-unused -Wunused-value -Wno-unknown-pragmas    -Wl,-search_paths_first -Wl,-headerpad_max_install_names   CMakeFiles/cmTryCompileExec321554724.dir/CheckIncludeFiles.c.o  -o cmTryCompileExec321554724  


Determining if files stdint.h exist passed with the following output:
Change Dir: /Users/er113/2014-05_beth_pcbm-cg-dos/gromacs-4.6.5/build/CMakeFiles/CMakeTmp

Run Build Command:/usr/bin/make "cmTryCompileExec170224220/fast"
/usr/bin/make -f CMakeFiles/cmTryCompileExec170224220.dir/build.make CMakeFiles/cmTryCompileExec170224220.dir/build
"/Applications/CMake 2.8-12.app/Contents/bin/cmake" -E cmake_progress_report /Users/er113/2014-05_beth_pcbm-cg-dos/gromacs-4.6.5/build/CMakeFiles/CMakeTmp/CMakeFiles 1
Building C object CMakeFiles/cmTryCompileExec170224220.dir/CheckIncludeFiles.c.o
/usr/bin/cc   -Wall -Wno-unused -Wunused-value -Wno-unknown-pragmas      -o CMakeFiles/cmTryCompileExec170224220.dir/CheckIncludeFiles.c.o   -c /Users/er113/2014-05_beth_pcbm-cg-dos/gromacs-4.6.5/build/CMakeFiles/CMakeTmp/CheckIncludeFiles.c
Linking C executable cmTryCompileExec170224220
"/Applications/CMake 2.8-12.app/Contents/bin/cmake" -E cmake_link_script CMakeFiles/cmTryCompileExec170224220.dir/link.txt --verbose=1
/usr/bin/cc  -Wall -Wno-unused -Wunused-value -Wno-unknown-pragmas    -Wl,-search_paths_first -Wl,-headerpad_max_install_names   CMakeFiles/cmTryCompileExec170224220.dir/CheckIncludeFiles.c.o  -o cmTryCompileExec170224220  


Determining if files stdlib.h exist passed with the following output:
Change Dir: /Users/er113/2014-05_beth_pcbm-cg-dos/gromacs-4.6.5/build/CMakeFiles/CMakeTmp

Run Build Command:/usr/bin/make "cmTryCompileExec2266850817/fast"
/usr/bin/make -f CMakeFiles/cmTryCompileExec2266850817.dir/build.make CMakeFiles/cmTryCompileExec2266850817.dir/build
"/Applications/CMake 2.8-12.app/Contents/bin/cmake" -E cmake_progress_report /Users/er113/2014-05_beth_pcbm-cg-dos/gromacs-4.6.5/build/CMakeFiles/CMakeTmp/CMakeFiles 1
Building C object CMakeFiles/cmTryCompileExec2266850817.dir/CheckIncludeFiles.c.o
/usr/bin/cc   -Wall -Wno-unused -Wunused-value -Wno-unknown-pragmas      -o CMakeFiles/cmTryCompileExec2266850817.dir/CheckIncludeFiles.c.o   -c /Users/er113/2014-05_beth_pcbm-cg-dos/gromacs-4.6.5/build/CMakeFiles/CMakeTmp/CheckIncludeFiles.c
Linking C executable cmTryCompileExec2266850817
"/Applications/CMake 2.8-12.app/Contents/bin/cmake" -E cmake_link_script CMakeFiles/cmTryCompileExec2266850817.dir/link.txt --verbose=1
/usr/bin/cc  -Wall -Wno-unused -Wunused-value -Wno-unknown-pragmas    -Wl,-search_paths_first -Wl,-headerpad_max_install_names   CMakeFiles/cmTryCompileExec2266850817.dir/CheckIncludeFiles.c.o  -o cmTryCompileExec2266850817  


Determining if files pthread.h exist passed with the following output:
Change Dir: /Users/er113/2014-05_beth_pcbm-cg-dos/gromacs-4.6.5/build/CMakeFiles/CMakeTmp

Run Build Command:/usr/bin/make "cmTryCompileExec2186381810/fast"
/usr/bin/make -f CMakeFiles/cmTryCompileExec2186381810.dir/build.make CMakeFiles/cmTryCompileExec2186381810.dir/build
"/Applications/CMake 2.8-12.app/Contents/bin/cmake" -E cmake_progress_report /Users/er113/2014-05_beth_pcbm-cg-dos/gromacs-4.6.5/build/CMakeFiles/CMakeTmp/CMakeFiles 1
Building C object CMakeFiles/cmTryCompileExec2186381810.dir/CheckIncludeFiles.c.o
/usr/bin/cc   -Wall -Wno-unused -Wunused-value -Wno-unknown-pragmas      -o CMakeFiles/cmTryCompileExec2186381810.dir/CheckIncludeFiles.c.o   -c /Users/er113/2014-05_beth_pcbm-cg-dos/gromacs-4.6.5/build/CMakeFiles/CMakeTmp/CheckIncludeFiles.c
Linking C executable cmTryCompileExec2186381810
"/Applications/CMake 2.8-12.app/Contents/bin/cmake" -E cmake_link_script CMakeFiles/cmTryCompileExec2186381810.dir/link.txt --verbose=1
/usr/bin/cc  -Wall -Wno-unused -Wunused-value -Wno-unknown-pragmas    -Wl,-search_paths_first -Wl,-headerpad_max_install_names   CMakeFiles/cmTryCompileExec2186381810.dir/CheckIncludeFiles.c.o  -o cmTryCompileExec2186381810  


Determining if files dirent.h exist passed with the following output:
Change Dir: /Users/er113/2014-05_beth_pcbm-cg-dos/gromacs-4.6.5/build/CMakeFiles/CMakeTmp

Run Build Command:/usr/bin/make "cmTryCompileExec291166477/fast"
/usr/bin/make -f CMakeFiles/cmTryCompileExec291166477.dir/build.make CMakeFiles/cmTryCompileExec291166477.dir/build
"/Applications/CMake 2.8-12.app/Contents/bin/cmake" -E cmake_progress_report /Users/er113/2014-05_beth_pcbm-cg-dos/gromacs-4.6.5/build/CMakeFiles/CMakeTmp/CMakeFiles 1
Building C object CMakeFiles/cmTryCompileExec291166477.dir/CheckIncludeFiles.c.o
/usr/bin/cc   -Wall -Wno-unused -Wunused-value -Wno-unknown-pragmas      -o CMakeFiles/cmTryCompileExec291166477.dir/CheckIncludeFiles.c.o   -c /Users/er113/2014-05_beth_pcbm-cg-dos/gromacs-4.6.5/build/CMakeFiles/CMakeTmp/CheckIncludeFiles.c
Linking C executable cmTryCompileExec291166477
"/Applications/CMake 2.8-12.app/Contents/bin/cmake" -E cmake_link_script CMakeFiles/cmTryCompileExec291166477.dir/link.txt --verbose=1
/usr/bin/cc  -Wall -Wno-unused -Wunused-value -Wno-unknown-pragmas    -Wl,-search_paths_first -Wl,-headerpad_max_install_names   CMakeFiles/cmTryCompileExec291166477.dir/CheckIncludeFiles.c.o  -o cmTryCompileExec291166477  


Determining if files inttypes.h exist passed with the following output:
Change Dir: /Users/er113/2014-05_beth_pcbm-cg-dos/gromacs-4.6.5/build/CMakeFiles/CMakeTmp

Run Build Command:/usr/bin/make "cmTryCompileExec2511076288/fast"
/usr/bin/make -f CMakeFiles/cmTryCompileExec2511076288.dir/build.make CMakeFiles/cmTryCompileExec2511076288.dir/build
"/Applications/CMake 2.8-12.app/Contents/bin/cmake" -E cmake_progress_report /Users/er113/2014-05_beth_pcbm-cg-dos/gromacs-4.6.5/build/CMakeFiles/CMakeTmp/CMakeFiles 1
Building C object CMakeFiles/cmTryCompileExec2511076288.dir/CheckIncludeFiles.c.o
/usr/bin/cc   -Wall -Wno-unused -Wunused-value -Wno-unknown-pragmas      -o CMakeFiles/cmTryCompileExec2511076288.dir/CheckIncludeFiles.c.o   -c /Users/er113/2014-05_beth_pcbm-cg-dos/gromacs-4.6.5/build/CMakeFiles/CMakeTmp/CheckIncludeFiles.c
Linking C executable cmTryCompileExec2511076288
"/Applications/CMake 2.8-12.app/Contents/bin/cmake" -E cmake_link_script CMakeFiles/cmTryCompileExec2511076288.dir/link.txt --verbose=1
/usr/bin/cc  -Wall -Wno-unused -Wunused-value -Wno-unknown-pragmas    -Wl,-search_paths_first -Wl,-headerpad_max_install_names   CMakeFiles/cmTryCompileExec2511076288.dir/CheckIncludeFiles.c.o  -o cmTryCompileExec2511076288  


Determining if files regex.h exist passed with the following output:
Change Dir: /Users/er113/2014-05_beth_pcbm-cg-dos/gromacs-4.6.5/build/CMakeFiles/CMakeTmp

Run Build Command:/usr/bin/make "cmTryCompileExec2150977557/fast"
/usr/bin/make -f CMakeFiles/cmTryCompileExec2150977557.dir/build.make CMakeFiles/cmTryCompileExec2150977557.dir/build
"/Applications/CMake 2.8-12.app/Contents/bin/cmake" -E cmake_progress_report /Users/er113/2014-05_beth_pcbm-cg-dos/gromacs-4.6.5/build/CMakeFiles/CMakeTmp/CMakeFiles 1
Building C object CMakeFiles/cmTryCompileExec2150977557.dir/CheckIncludeFiles.c.o
/usr/bin/cc   -Wall -Wno-unused -Wunused-value -Wno-unknown-pragmas      -o CMakeFiles/cmTryCompileExec2150977557.dir/CheckIncludeFiles.c.o   -c /Users/er113/2014-05_beth_pcbm-cg-dos/gromacs-4.6.5/build/CMakeFiles/CMakeTmp/CheckIncludeFiles.c
Linking C executable cmTryCompileExec2150977557
"/Applications/CMake 2.8-12.app/Contents/bin/cmake" -E cmake_link_script CMakeFiles/cmTryCompileExec2150977557.dir/link.txt --verbose=1
/usr/bin/cc  -Wall -Wno-unused -Wunused-value -Wno-unknown-pragmas    -Wl,-search_paths_first -Wl,-headerpad_max_install_names   CMakeFiles/cmTryCompileExec2150977557.dir/CheckIncludeFiles.c.o  -o cmTryCompileExec2150977557  


Determining if files sys/types.h exist passed with the following output:
Change Dir: /Users/er113/2014-05_beth_pcbm-cg-dos/gromacs-4.6.5/build/CMakeFiles/CMakeTmp

Run Build Command:/usr/bin/make "cmTryCompileExec1525447629/fast"
/usr/bin/make -f CMakeFiles/cmTryCompileExec1525447629.dir/build.make CMakeFiles/cmTryCompileExec1525447629.dir/build
"/Applications/CMake 2.8-12.app/Contents/bin/cmake" -E cmake_progress_report /Users/er113/2014-05_beth_pcbm-cg-dos/gromacs-4.6.5/build/CMakeFiles/CMakeTmp/CMakeFiles 1
Building C object CMakeFiles/cmTryCompileExec1525447629.dir/CheckIncludeFiles.c.o
/usr/bin/cc   -Wall -Wno-unused -Wunused-value -Wno-unknown-pragmas      -o CMakeFiles/cmTryCompileExec1525447629.dir/CheckIncludeFiles.c.o   -c /Users/er113/2014-05_beth_pcbm-cg-dos/gromacs-4.6.5/build/CMakeFiles/CMakeTmp/CheckIncludeFiles.c
Linking C executable cmTryCompileExec1525447629
"/Applications/CMake 2.8-12.app/Contents/bin/cmake" -E cmake_link_script CMakeFiles/cmTryCompileExec1525447629.dir/link.txt --verbose=1
/usr/bin/cc  -Wall -Wno-unused -Wunused-value -Wno-unknown-pragmas    -Wl,-search_paths_first -Wl,-headerpad_max_install_names   CMakeFiles/cmTryCompileExec1525447629.dir/CheckIncludeFiles.c.o  -o cmTryCompileExec1525447629  


Determining if files sys/stat.h exist passed with the following output:
Change Dir: /Users/er113/2014-05_beth_pcbm-cg-dos/gromacs-4.6.5/build/CMakeFiles/CMakeTmp

Run Build Command:/usr/bin/make "cmTryCompileExec949540517/fast"
/usr/bin/make -f CMakeFiles/cmTryCompileExec949540517.dir/build.make CMakeFiles/cmTryCompileExec949540517.dir/build
"/Applications/CMake 2.8-12.app/Contents/bin/cmake" -E cmake_progress_report /Users/er113/2014-05_beth_pcbm-cg-dos/gromacs-4.6.5/build/CMakeFiles/CMakeTmp/CMakeFiles 1
Building C object CMakeFiles/cmTryCompileExec949540517.dir/CheckIncludeFiles.c.o
/usr/bin/cc   -Wall -Wno-unused -Wunused-value -Wno-unknown-pragmas      -o CMakeFiles/cmTryCompileExec949540517.dir/CheckIncludeFiles.c.o   -c /Users/er113/2014-05_beth_pcbm-cg-dos/gromacs-4.6.5/build/CMakeFiles/CMakeTmp/CheckIncludeFiles.c
Linking C executable cmTryCompileExec949540517
"/Applications/CMake 2.8-12.app/Contents/bin/cmake" -E cmake_link_script CMakeFiles/cmTryCompileExec949540517.dir/link.txt --verbose=1
/usr/bin/cc  -Wall -Wno-unused -Wunused-value -Wno-unknown-pragmas    -Wl,-search_paths_first -Wl,-headerpad_max_install_names   CMakeFiles/cmTryCompileExec949540517.dir/CheckIncludeFiles.c.o  -o cmTryCompileExec949540517  


Determining if files sys/time.h exist passed with the following output:
Change Dir: /Users/er113/2014-05_beth_pcbm-cg-dos/gromacs-4.6.5/build/CMakeFiles/CMakeTmp

Run Build Command:/usr/bin/make "cmTryCompileExec2948653289/fast"
/usr/bin/make -f CMakeFiles/cmTryCompileExec2948653289.dir/build.make CMakeFiles/cmTryCompileExec2948653289.dir/build
"/Applications/CMake 2.8-12.app/Contents/bin/cmake" -E cmake_progress_report /Users/er113/2014-05_beth_pcbm-cg-dos/gromacs-4.6.5/build/CMakeFiles/CMakeTmp/CMakeFiles 1
Building C object CMakeFiles/cmTryCompileExec2948653289.dir/CheckIncludeFiles.c.o
/usr/bin/cc   -Wall -Wno-unused -Wunused-value -Wno-unknown-pragmas      -o CMakeFiles/cmTryCompileExec2948653289.dir/CheckIncludeFiles.c.o   -c /Users/er113/2014-05_beth_pcbm-cg-dos/gromacs-4.6.5/build/CMakeFiles/CMakeTmp/CheckIncludeFiles.c
Linking C executable cmTryCompileExec2948653289
"/Applications/CMake 2.8-12.app/Contents/bin/cmake" -E cmake_link_script CMakeFiles/cmTryCompileExec2948653289.dir/link.txt --verbose=1
/usr/bin/cc  -Wall -Wno-unused -Wunused-value -Wno-unknown-pragmas    -Wl,-search_paths_first -Wl,-headerpad_max_install_names   CMakeFiles/cmTryCompileExec2948653289.dir/CheckIncludeFiles.c.o  -o cmTryCompileExec2948653289  


Determining if files rpc/rpc.h exist passed with the following output:
Change Dir: /Users/er113/2014-05_beth_pcbm-cg-dos/gromacs-4.6.5/build/CMakeFiles/CMakeTmp

Run Build Command:/usr/bin/make "cmTryCompileExec3957399488/fast"
/usr/bin/make -f CMakeFiles/cmTryCompileExec3957399488.dir/build.make CMakeFiles/cmTryCompileExec3957399488.dir/build
"/Applications/CMake 2.8-12.app/Contents/bin/cmake" -E cmake_progress_report /Users/er113/2014-05_beth_pcbm-cg-dos/gromacs-4.6.5/build/CMakeFiles/CMakeTmp/CMakeFiles 1
Building C object CMakeFiles/cmTryCompileExec3957399488.dir/CheckIncludeFiles.c.o
/usr/bin/cc   -Wall -Wno-unused -Wunused-value -Wno-unknown-pragmas      -o CMakeFiles/cmTryCompileExec3957399488.dir/CheckIncludeFiles.c.o   -c /Users/er113/2014-05_beth_pcbm-cg-dos/gromacs-4.6.5/build/CMakeFiles/CMakeTmp/CheckIncludeFiles.c
Linking C executable cmTryCompileExec3957399488
"/Applications/CMake 2.8-12.app/Contents/bin/cmake" -E cmake_link_script CMakeFiles/cmTryCompileExec3957399488.dir/link.txt --verbose=1
/usr/bin/cc  -Wall -Wno-unused -Wunused-value -Wno-unknown-pragmas    -Wl,-search_paths_first -Wl,-headerpad_max_install_names   CMakeFiles/cmTryCompileExec3957399488.dir/CheckIncludeFiles.c.o  -o cmTryCompileExec3957399488  


Determining if files rpc/rpc.h;rpc/xdr.h exist passed with the following output:
Change Dir: /Users/er113/2014-05_beth_pcbm-cg-dos/gromacs-4.6.5/build/CMakeFiles/CMakeTmp

Run Build Command:/usr/bin/make "cmTryCompileExec1467473180/fast"
/usr/bin/make -f CMakeFiles/cmTryCompileExec1467473180.dir/build.make CMakeFiles/cmTryCompileExec1467473180.dir/build
"/Applications/CMake 2.8-12.app/Contents/bin/cmake" -E cmake_progress_report /Users/er113/2014-05_beth_pcbm-cg-dos/gromacs-4.6.5/build/CMakeFiles/CMakeTmp/CMakeFiles 1
Building C object CMakeFiles/cmTryCompileExec1467473180.dir/CheckIncludeFiles.c.o
/usr/bin/cc   -Wall -Wno-unused -Wunused-value -Wno-unknown-pragmas      -o CMakeFiles/cmTryCompileExec1467473180.dir/CheckIncludeFiles.c.o   -c /Users/er113/2014-05_beth_pcbm-cg-dos/gromacs-4.6.5/build/CMakeFiles/CMakeTmp/CheckIncludeFiles.c
Linking C executable cmTryCompileExec1467473180
"/Applications/CMake 2.8-12.app/Contents/bin/cmake" -E cmake_link_script CMakeFiles/cmTryCompileExec1467473180.dir/link.txt --verbose=1
/usr/bin/cc  -Wall -Wno-unused -Wunused-value -Wno-unknown-pragmas    -Wl,-search_paths_first -Wl,-headerpad_max_install_names   CMakeFiles/cmTryCompileExec1467473180.dir/CheckIncludeFiles.c.o  -o cmTryCompileExec1467473180  


Determining if files sched.h exist passed with the following output:
Change Dir: /Users/er113/2014-05_beth_pcbm-cg-dos/gromacs-4.6.5/build/CMakeFiles/CMakeTmp

Run Build Command:/usr/bin/make "cmTryCompileExec1458520549/fast"
/usr/bin/make -f CMakeFiles/cmTryCompileExec1458520549.dir/build.make CMakeFiles/cmTryCompileExec1458520549.dir/build
"/Applications/CMake 2.8-12.app/Contents/bin/cmake" -E cmake_progress_report /Users/er113/2014-05_beth_pcbm-cg-dos/gromacs-4.6.5/build/CMakeFiles/CMakeTmp/CMakeFiles 1
Building C object CMakeFiles/cmTryCompileExec1458520549.dir/CheckIncludeFiles.c.o
/usr/bin/cc   -Wall -Wno-unused -Wunused-value -Wno-unknown-pragmas      -o CMakeFiles/cmTryCompileExec1458520549.dir/CheckIncludeFiles.c.o   -c /Users/er113/2014-05_beth_pcbm-cg-dos/gromacs-4.6.5/build/CMakeFiles/CMakeTmp/CheckIncludeFiles.c
Linking C executable cmTryCompileExec1458520549
"/Applications/CMake 2.8-12.app/Contents/bin/cmake" -E cmake_link_script CMakeFiles/cmTryCompileExec1458520549.dir/link.txt --verbose=1
/usr/bin/cc  -Wall -Wno-unused -Wunused-value -Wno-unknown-pragmas    -Wl,-search_paths_first -Wl,-headerpad_max_install_names   CMakeFiles/cmTryCompileExec1458520549.dir/CheckIncludeFiles.c.o  -o cmTryCompileExec1458520549  


Determining if the function strcasecmp exists passed with the following output:
Change Dir: /Users/er113/2014-05_beth_pcbm-cg-dos/gromacs-4.6.5/build/CMakeFiles/CMakeTmp

Run Build Command:/usr/bin/make "cmTryCompileExec1131078692/fast"
/usr/bin/make -f CMakeFiles/cmTryCompileExec1131078692.dir/build.make CMakeFiles/cmTryCompileExec1131078692.dir/build
"/Applications/CMake 2.8-12.app/Contents/bin/cmake" -E cmake_progress_report /Users/er113/2014-05_beth_pcbm-cg-dos/gromacs-4.6.5/build/CMakeFiles/CMakeTmp/CMakeFiles 1
Building C object CMakeFiles/cmTryCompileExec1131078692.dir/CheckFunctionExists.c.o
/usr/bin/cc   -Wall -Wno-unused -Wunused-value -Wno-unknown-pragmas   -DCHECK_FUNCTION_EXISTS=strcasecmp   -o CMakeFiles/cmTryCompileExec1131078692.dir/CheckFunctionExists.c.o   -c "/Applications/CMake 2.8-12.app/Contents/share/cmake-2.8/Modules/CheckFunctionExists.c"
/Applications/CMake 2.8-12.app/Contents/share/cmake-2.8/Modules/CheckFunctionExists.c:3:6: warning: incompatible redeclaration of library function 'strcasecmp' [-Wincompatible-library-redeclaration]
char CHECK_FUNCTION_EXISTS();
     ^
<command line>:1:31: note: expanded from here
#define CHECK_FUNCTION_EXISTS strcasecmp
                              ^
/Applications/CMake 2.8-12.app/Contents/share/cmake-2.8/Modules/CheckFunctionExists.c:3:6: note: 'strcasecmp' is a builtin with type 'int (const char *, const char *)'
<command line>:1:31: note: expanded from here
#define CHECK_FUNCTION_EXISTS strcasecmp
                              ^
1 warning generated.
Linking C executable cmTryCompileExec1131078692
"/Applications/CMake 2.8-12.app/Contents/bin/cmake" -E cmake_link_script CMakeFiles/cmTryCompileExec1131078692.dir/link.txt --verbose=1
/usr/bin/cc  -Wall -Wno-unused -Wunused-value -Wno-unknown-pragmas   -DCHECK_FUNCTION_EXISTS=strcasecmp -Wl,-search_paths_first -Wl,-headerpad_max_install_names   CMakeFiles/cmTryCompileExec1131078692.dir/CheckFunctionExists.c.o  -o cmTryCompileExec1131078692  


Determining if the function strdup exists passed with the following output:
Change Dir: /Users/er113/2014-05_beth_pcbm-cg-dos/gromacs-4.6.5/build/CMakeFiles/CMakeTmp

Run Build Command:/usr/bin/make "cmTryCompileExec2942716629/fast"
/usr/bin/make -f CMakeFiles/cmTryCompileExec2942716629.dir/build.make CMakeFiles/cmTryCompileExec2942716629.dir/build
"/Applications/CMake 2.8-12.app/Contents/bin/cmake" -E cmake_progress_report /Users/er113/2014-05_beth_pcbm-cg-dos/gromacs-4.6.5/build/CMakeFiles/CMakeTmp/CMakeFiles 1
Building C object CMakeFiles/cmTryCompileExec2942716629.dir/CheckFunctionExists.c.o
/usr/bin/cc   -Wall -Wno-unused -Wunused-value -Wno-unknown-pragmas   -DCHECK_FUNCTION_EXISTS=strdup   -o CMakeFiles/cmTryCompileExec2942716629.dir/CheckFunctionExists.c.o   -c "/Applications/CMake 2.8-12.app/Contents/share/cmake-2.8/Modules/CheckFunctionExists.c"
/Applications/CMake 2.8-12.app/Contents/share/cmake-2.8/Modules/CheckFunctionExists.c:3:6: warning: incompatible redeclaration of library function 'strdup' [-Wincompatible-library-redeclaration]
char CHECK_FUNCTION_EXISTS();
     ^
<command line>:1:31: note: expanded from here
#define CHECK_FUNCTION_EXISTS strdup
                              ^
/Applications/CMake 2.8-12.app/Contents/share/cmake-2.8/Modules/CheckFunctionExists.c:3:6: note: 'strdup' is a builtin with type 'char *(const char *)'
<command line>:1:31: note: expanded from here
#define CHECK_FUNCTION_EXISTS strdup
                              ^
1 warning generated.
Linking C executable cmTryCompileExec2942716629
"/Applications/CMake 2.8-12.app/Contents/bin/cmake" -E cmake_link_script CMakeFiles/cmTryCompileExec2942716629.dir/link.txt --verbose=1
/usr/bin/cc  -Wall -Wno-unused -Wunused-value -Wno-unknown-pragmas   -DCHECK_FUNCTION_EXISTS=strdup -Wl,-search_paths_first -Wl,-headerpad_max_install_names   CMakeFiles/cmTryCompileExec2942716629.dir/CheckFunctionExists.c.o  -o cmTryCompileExec2942716629  


Determining if the function vprintf exists passed with the following output:
Change Dir: /Users/er113/2014-05_beth_pcbm-cg-dos/gromacs-4.6.5/build/CMakeFiles/CMakeTmp

Run Build Command:/usr/bin/make "cmTryCompileExec48869099/fast"
/usr/bin/make -f CMakeFiles/cmTryCompileExec48869099.dir/build.make CMakeFiles/cmTryCompileExec48869099.dir/build
"/Applications/CMake 2.8-12.app/Contents/bin/cmake" -E cmake_progress_report /Users/er113/2014-05_beth_pcbm-cg-dos/gromacs-4.6.5/build/CMakeFiles/CMakeTmp/CMakeFiles 1
Building C object CMakeFiles/cmTryCompileExec48869099.dir/CheckFunctionExists.c.o
/usr/bin/cc   -Wall -Wno-unused -Wunused-value -Wno-unknown-pragmas   -DCHECK_FUNCTION_EXISTS=vprintf   -o CMakeFiles/cmTryCompileExec48869099.dir/CheckFunctionExists.c.o   -c "/Applications/CMake 2.8-12.app/Contents/share/cmake-2.8/Modules/CheckFunctionExists.c"
/Applications/CMake 2.8-12.app/Contents/share/cmake-2.8/Modules/CheckFunctionExists.c:3:6: warning: incompatible redeclaration of library function 'vprintf' [-Wincompatible-library-redeclaration]
char CHECK_FUNCTION_EXISTS();
     ^
<command line>:1:31: note: expanded from here
#define CHECK_FUNCTION_EXISTS vprintf
                              ^
/Applications/CMake 2.8-12.app/Contents/share/cmake-2.8/Modules/CheckFunctionExists.c:3:6: note: 'vprintf' is a builtin with type 'int (const char *, __va_list_tag *)'
<command line>:1:31: note: expanded from here
#define CHECK_FUNCTION_EXISTS vprintf
                              ^
1 warning generated.
Linking C executable cmTryCompileExec48869099
"/Applications/CMake 2.8-12.app/Contents/bin/cmake" -E cmake_link_script CMakeFiles/cmTryCompileExec48869099.dir/link.txt --verbose=1
/usr/bin/cc  -Wall -Wno-unused -Wunused-value -Wno-unknown-pragmas   -DCHECK_FUNCTION_EXISTS=vprintf -Wl,-search_paths_first -Wl,-headerpad_max_install_names   CMakeFiles/cmTryCompileExec48869099.dir/CheckFunctionExists.c.o  -o cmTryCompileExec48869099  


Determining if the function memcmp exists passed with the following output:
Change Dir: /Users/er113/2014-05_beth_pcbm-cg-dos/gromacs-4.6.5/build/CMakeFiles/CMakeTmp

Run Build Command:/usr/bin/make "cmTryCompileExec1158961962/fast"
/usr/bin/make -f CMakeFiles/cmTryCompileExec1158961962.dir/build.make CMakeFiles/cmTryCompileExec1158961962.dir/build
"/Applications/CMake 2.8-12.app/Contents/bin/cmake" -E cmake_progress_report /Users/er113/2014-05_beth_pcbm-cg-dos/gromacs-4.6.5/build/CMakeFiles/CMakeTmp/CMakeFiles 1
Building C object CMakeFiles/cmTryCompileExec1158961962.dir/CheckFunctionExists.c.o
/usr/bin/cc   -Wall -Wno-unused -Wunused-value -Wno-unknown-pragmas   -DCHECK_FUNCTION_EXISTS=memcmp   -o CMakeFiles/cmTryCompileExec1158961962.dir/CheckFunctionExists.c.o   -c "/Applications/CMake 2.8-12.app/Contents/share/cmake-2.8/Modules/CheckFunctionExists.c"
/Applications/CMake 2.8-12.app/Contents/share/cmake-2.8/Modules/CheckFunctionExists.c:3:6: warning: incompatible redeclaration of library function 'memcmp' [-Wincompatible-library-redeclaration]
char CHECK_FUNCTION_EXISTS();
     ^
<command line>:1:31: note: expanded from here
#define CHECK_FUNCTION_EXISTS memcmp
                              ^
/Applications/CMake 2.8-12.app/Contents/share/cmake-2.8/Modules/CheckFunctionExists.c:3:6: note: 'memcmp' is a builtin with type 'int (const void *, const void *, unsigned long)'
<command line>:1:31: note: expanded from here
#define CHECK_FUNCTION_EXISTS memcmp
                              ^
1 warning generated.
Linking C executable cmTryCompileExec1158961962
"/Applications/CMake 2.8-12.app/Contents/bin/cmake" -E cmake_link_script CMakeFiles/cmTryCompileExec1158961962.dir/link.txt --verbose=1
/usr/bin/cc  -Wall -Wno-unused -Wunused-value -Wno-unknown-pragmas   -DCHECK_FUNCTION_EXISTS=memcmp -Wl,-search_paths_first -Wl,-headerpad_max_install_names   CMakeFiles/cmTryCompileExec1158961962.dir/CheckFunctionExists.c.o  -o cmTryCompileExec1158961962  


Determining if the function posix_memalign exists passed with the following output:
Change Dir: /Users/er113/2014-05_beth_pcbm-cg-dos/gromacs-4.6.5/build/CMakeFiles/CMakeTmp

Run Build Command:/usr/bin/make "cmTryCompileExec1688324279/fast"
/usr/bin/make -f CMakeFiles/cmTryCompileExec1688324279.dir/build.make CMakeFiles/cmTryCompileExec1688324279.dir/build
"/Applications/CMake 2.8-12.app/Contents/bin/cmake" -E cmake_progress_report /Users/er113/2014-05_beth_pcbm-cg-dos/gromacs-4.6.5/build/CMakeFiles/CMakeTmp/CMakeFiles 1
Building C object CMakeFiles/cmTryCompileExec1688324279.dir/CheckFunctionExists.c.o
/usr/bin/cc   -Wall -Wno-unused -Wunused-value -Wno-unknown-pragmas   -DCHECK_FUNCTION_EXISTS=posix_memalign   -o CMakeFiles/cmTryCompileExec1688324279.dir/CheckFunctionExists.c.o   -c "/Applications/CMake 2.8-12.app/Contents/share/cmake-2.8/Modules/CheckFunctionExists.c"
Linking C executable cmTryCompileExec1688324279
"/Applications/CMake 2.8-12.app/Contents/bin/cmake" -E cmake_link_script CMakeFiles/cmTryCompileExec1688324279.dir/link.txt --verbose=1
/usr/bin/cc  -Wall -Wno-unused -Wunused-value -Wno-unknown-pragmas   -DCHECK_FUNCTION_EXISTS=posix_memalign -Wl,-search_paths_first -Wl,-headerpad_max_install_names   CMakeFiles/cmTryCompileExec1688324279.dir/CheckFunctionExists.c.o  -o cmTryCompileExec1688324279  


Determining if the function gettimeofday exists passed with the following output:
Change Dir: /Users/er113/2014-05_beth_pcbm-cg-dos/gromacs-4.6.5/build/CMakeFiles/CMakeTmp

Run Build Command:/usr/bin/make "cmTryCompileExec1638193764/fast"
/usr/bin/make -f CMakeFiles/cmTryCompileExec1638193764.dir/build.make CMakeFiles/cmTryCompileExec1638193764.dir/build
"/Applications/CMake 2.8-12.app/Contents/bin/cmake" -E cmake_progress_report /Users/er113/2014-05_beth_pcbm-cg-dos/gromacs-4.6.5/build/CMakeFiles/CMakeTmp/CMakeFiles 1
Building C object CMakeFiles/cmTryCompileExec1638193764.dir/CheckFunctionExists.c.o
/usr/bin/cc   -Wall -Wno-unused -Wunused-value -Wno-unknown-pragmas   -DCHECK_FUNCTION_EXISTS=gettimeofday   -o CMakeFiles/cmTryCompileExec1638193764.dir/CheckFunctionExists.c.o   -c "/Applications/CMake 2.8-12.app/Contents/share/cmake-2.8/Modules/CheckFunctionExists.c"
Linking C executable cmTryCompileExec1638193764
"/Applications/CMake 2.8-12.app/Contents/bin/cmake" -E cmake_link_script CMakeFiles/cmTryCompileExec1638193764.dir/link.txt --verbose=1
/usr/bin/cc  -Wall -Wno-unused -Wunused-value -Wno-unknown-pragmas   -DCHECK_FUNCTION_EXISTS=gettimeofday -Wl,-search_paths_first -Wl,-headerpad_max_install_names   CMakeFiles/cmTryCompileExec1638193764.dir/CheckFunctionExists.c.o  -o cmTryCompileExec1638193764  


Determining if the function isnan exists passed with the following output:
Change Dir: /Users/er113/2014-05_beth_pcbm-cg-dos/gromacs-4.6.5/build/CMakeFiles/CMakeTmp

Run Build Command:/usr/bin/make "cmTryCompileExec3823119563/fast"
/usr/bin/make -f CMakeFiles/cmTryCompileExec3823119563.dir/build.make CMakeFiles/cmTryCompileExec3823119563.dir/build
"/Applications/CMake 2.8-12.app/Contents/bin/cmake" -E cmake_progress_report /Users/er113/2014-05_beth_pcbm-cg-dos/gromacs-4.6.5/build/CMakeFiles/CMakeTmp/CMakeFiles 1
Building C object CMakeFiles/cmTryCompileExec3823119563.dir/CheckFunctionExists.c.o
/usr/bin/cc   -Wall -Wno-unused -Wunused-value -Wno-unknown-pragmas   -DCHECK_FUNCTION_EXISTS=isnan   -o CMakeFiles/cmTryCompileExec3823119563.dir/CheckFunctionExists.c.o   -c "/Applications/CMake 2.8-12.app/Contents/share/cmake-2.8/Modules/CheckFunctionExists.c"
Linking C executable cmTryCompileExec3823119563
"/Applications/CMake 2.8-12.app/Contents/bin/cmake" -E cmake_link_script CMakeFiles/cmTryCompileExec3823119563.dir/link.txt --verbose=1
/usr/bin/cc  -Wall -Wno-unused -Wunused-value -Wno-unknown-pragmas   -DCHECK_FUNCTION_EXISTS=isnan -Wl,-search_paths_first -Wl,-headerpad_max_install_names   CMakeFiles/cmTryCompileExec3823119563.dir/CheckFunctionExists.c.o  -o cmTryCompileExec3823119563  


Determining if the function fsync exists passed with the following output:
Change Dir: /Users/er113/2014-05_beth_pcbm-cg-dos/gromacs-4.6.5/build/CMakeFiles/CMakeTmp

Run Build Command:/usr/bin/make "cmTryCompileExec3517625891/fast"
/usr/bin/make -f CMakeFiles/cmTryCompileExec3517625891.dir/build.make CMakeFiles/cmTryCompileExec3517625891.dir/build
"/Applications/CMake 2.8-12.app/Contents/bin/cmake" -E cmake_progress_report /Users/er113/2014-05_beth_pcbm-cg-dos/gromacs-4.6.5/build/CMakeFiles/CMakeTmp/CMakeFiles 1
Building C object CMakeFiles/cmTryCompileExec3517625891.dir/CheckFunctionExists.c.o
/usr/bin/cc   -Wall -Wno-unused -Wunused-value -Wno-unknown-pragmas   -DCHECK_FUNCTION_EXISTS=fsync   -o CMakeFiles/cmTryCompileExec3517625891.dir/CheckFunctionExists.c.o   -c "/Applications/CMake 2.8-12.app/Contents/share/cmake-2.8/Modules/CheckFunctionExists.c"
Linking C executable cmTryCompileExec3517625891
"/Applications/CMake 2.8-12.app/Contents/bin/cmake" -E cmake_link_script CMakeFiles/cmTryCompileExec3517625891.dir/link.txt --verbose=1
/usr/bin/cc  -Wall -Wno-unused -Wunused-value -Wno-unknown-pragmas   -DCHECK_FUNCTION_EXISTS=fsync -Wl,-search_paths_first -Wl,-headerpad_max_install_names   CMakeFiles/cmTryCompileExec3517625891.dir/CheckFunctionExists.c.o  -o cmTryCompileExec3517625891  


Determining if the function fileno exists passed with the following output:
Change Dir: /Users/er113/2014-05_beth_pcbm-cg-dos/gromacs-4.6.5/build/CMakeFiles/CMakeTmp

Run Build Command:/usr/bin/make "cmTryCompileExec1790018784/fast"
/usr/bin/make -f CMakeFiles/cmTryCompileExec1790018784.dir/build.make CMakeFiles/cmTryCompileExec1790018784.dir/build
"/Applications/CMake 2.8-12.app/Contents/bin/cmake" -E cmake_progress_report /Users/er113/2014-05_beth_pcbm-cg-dos/gromacs-4.6.5/build/CMakeFiles/CMakeTmp/CMakeFiles 1
Building C object CMakeFiles/cmTryCompileExec1790018784.dir/CheckFunctionExists.c.o
/usr/bin/cc   -Wall -Wno-unused -Wunused-value -Wno-unknown-pragmas   -DCHECK_FUNCTION_EXISTS=fileno   -o CMakeFiles/cmTryCompileExec1790018784.dir/CheckFunctionExists.c.o   -c "/Applications/CMake 2.8-12.app/Contents/share/cmake-2.8/Modules/CheckFunctionExists.c"
Linking C executable cmTryCompileExec1790018784
"/Applications/CMake 2.8-12.app/Contents/bin/cmake" -E cmake_link_script CMakeFiles/cmTryCompileExec1790018784.dir/link.txt --verbose=1
/usr/bin/cc  -Wall -Wno-unused -Wunused-value -Wno-unknown-pragmas   -DCHECK_FUNCTION_EXISTS=fileno -Wl,-search_paths_first -Wl,-headerpad_max_install_names   CMakeFiles/cmTryCompileExec1790018784.dir/CheckFunctionExists.c.o  -o cmTryCompileExec1790018784  


Determining if the function sigaction exists passed with the following output:
Change Dir: /Users/er113/2014-05_beth_pcbm-cg-dos/gromacs-4.6.5/build/CMakeFiles/CMakeTmp

Run Build Command:/usr/bin/make "cmTryCompileExec4104541777/fast"
/usr/bin/make -f CMakeFiles/cmTryCompileExec4104541777.dir/build.make CMakeFiles/cmTryCompileExec4104541777.dir/build
"/Applications/CMake 2.8-12.app/Contents/bin/cmake" -E cmake_progress_report /Users/er113/2014-05_beth_pcbm-cg-dos/gromacs-4.6.5/build/CMakeFiles/CMakeTmp/CMakeFiles 1
Building C object CMakeFiles/cmTryCompileExec4104541777.dir/CheckFunctionExists.c.o
/usr/bin/cc   -Wall -Wno-unused -Wunused-value -Wno-unknown-pragmas   -DCHECK_FUNCTION_EXISTS=sigaction   -o CMakeFiles/cmTryCompileExec4104541777.dir/CheckFunctionExists.c.o   -c "/Applications/CMake 2.8-12.app/Contents/share/cmake-2.8/Modules/CheckFunctionExists.c"
Linking C executable cmTryCompileExec4104541777
"/Applications/CMake 2.8-12.app/Contents/bin/cmake" -E cmake_link_script CMakeFiles/cmTryCompileExec4104541777.dir/link.txt --verbose=1
/usr/bin/cc  -Wall -Wno-unused -Wunused-value -Wno-unknown-pragmas   -DCHECK_FUNCTION_EXISTS=sigaction -Wl,-search_paths_first -Wl,-headerpad_max_install_names   CMakeFiles/cmTryCompileExec4104541777.dir/CheckFunctionExists.c.o  -o cmTryCompileExec4104541777  


Determining if the function sysconf exists passed with the following output:
Change Dir: /Users/er113/2014-05_beth_pcbm-cg-dos/gromacs-4.6.5/build/CMakeFiles/CMakeTmp

Run Build Command:/usr/bin/make "cmTryCompileExec2341938191/fast"
/usr/bin/make -f CMakeFiles/cmTryCompileExec2341938191.dir/build.make CMakeFiles/cmTryCompileExec2341938191.dir/build
"/Applications/CMake 2.8-12.app/Contents/bin/cmake" -E cmake_progress_report /Users/er113/2014-05_beth_pcbm-cg-dos/gromacs-4.6.5/build/CMakeFiles/CMakeTmp/CMakeFiles 1
Building C object CMakeFiles/cmTryCompileExec2341938191.dir/CheckFunctionExists.c.o
/usr/bin/cc   -Wall -Wno-unused -Wunused-value -Wno-unknown-pragmas   -DCHECK_FUNCTION_EXISTS=sysconf   -o CMakeFiles/cmTryCompileExec2341938191.dir/CheckFunctionExists.c.o   -c "/Applications/CMake 2.8-12.app/Contents/share/cmake-2.8/Modules/CheckFunctionExists.c"
Linking C executable cmTryCompileExec2341938191
"/Applications/CMake 2.8-12.app/Contents/bin/cmake" -E cmake_link_script CMakeFiles/cmTryCompileExec2341938191.dir/link.txt --verbose=1
/usr/bin/cc  -Wall -Wno-unused -Wunused-value -Wno-unknown-pragmas   -DCHECK_FUNCTION_EXISTS=sysconf -Wl,-search_paths_first -Wl,-headerpad_max_install_names   CMakeFiles/cmTryCompileExec2341938191.dir/CheckFunctionExists.c.o  -o cmTryCompileExec2341938191  


Determining if the function sqrtf exists passed with the following output:
Change Dir: /Users/er113/2014-05_beth_pcbm-cg-dos/gromacs-4.6.5/build/CMakeFiles/CMakeTmp

Run Build Command:/usr/bin/make "cmTryCompileExec1361727778/fast"
/usr/bin/make -f CMakeFiles/cmTryCompileExec1361727778.dir/build.make CMakeFiles/cmTryCompileExec1361727778.dir/build
"/Applications/CMake 2.8-12.app/Contents/bin/cmake" -E cmake_progress_report /Users/er113/2014-05_beth_pcbm-cg-dos/gromacs-4.6.5/build/CMakeFiles/CMakeTmp/CMakeFiles 1
Building C object CMakeFiles/cmTryCompileExec1361727778.dir/CheckFunctionExists.c.o
/usr/bin/cc   -Wall -Wno-unused -Wunused-value -Wno-unknown-pragmas   -DCHECK_FUNCTION_EXISTS=sqrtf   -o CMakeFiles/cmTryCompileExec1361727778.dir/CheckFunctionExists.c.o   -c "/Applications/CMake 2.8-12.app/Contents/share/cmake-2.8/Modules/CheckFunctionExists.c"
/Applications/CMake 2.8-12.app/Contents/share/cmake-2.8/Modules/CheckFunctionExists.c:3:6: warning: incompatible redeclaration of library function 'sqrtf' [-Wincompatible-library-redeclaration]
char CHECK_FUNCTION_EXISTS();
     ^
<command line>:1:31: note: expanded from here
#define CHECK_FUNCTION_EXISTS sqrtf
                              ^
/Applications/CMake 2.8-12.app/Contents/share/cmake-2.8/Modules/CheckFunctionExists.c:3:6: note: 'sqrtf' is a builtin with type 'float (float)'
<command line>:1:31: note: expanded from here
#define CHECK_FUNCTION_EXISTS sqrtf
                              ^
1 warning generated.
Linking C executable cmTryCompileExec1361727778
"/Applications/CMake 2.8-12.app/Contents/bin/cmake" -E cmake_link_script CMakeFiles/cmTryCompileExec1361727778.dir/link.txt --verbose=1
/usr/bin/cc  -Wall -Wno-unused -Wunused-value -Wno-unknown-pragmas   -DCHECK_FUNCTION_EXISTS=sqrtf -Wl,-search_paths_first -Wl,-headerpad_max_install_names   CMakeFiles/cmTryCompileExec1361727778.dir/CheckFunctionExists.c.o  -o cmTryCompileExec1361727778  


Determining if the function sqrt exists in the m passed with the following output:
Change Dir: /Users/er113/2014-05_beth_pcbm-cg-dos/gromacs-4.6.5/build/CMakeFiles/CMakeTmp

Run Build Command:/usr/bin/make "cmTryCompileExec2239975589/fast"
/usr/bin/make -f CMakeFiles/cmTryCompileExec2239975589.dir/build.make CMakeFiles/cmTryCompileExec2239975589.dir/build
"/Applications/CMake 2.8-12.app/Contents/bin/cmake" -E cmake_progress_report /Users/er113/2014-05_beth_pcbm-cg-dos/gromacs-4.6.5/build/CMakeFiles/CMakeTmp/CMakeFiles 1
Building C object CMakeFiles/cmTryCompileExec2239975589.dir/CheckFunctionExists.c.o
/usr/bin/cc   -Wall -Wno-unused -Wunused-value -Wno-unknown-pragmas   -DCHECK_FUNCTION_EXISTS=sqrt   -o CMakeFiles/cmTryCompileExec2239975589.dir/CheckFunctionExists.c.o   -c "/Applications/CMake 2.8-12.app/Contents/share/cmake-2.8/Modules/CheckFunctionExists.c"
/Applications/CMake 2.8-12.app/Contents/share/cmake-2.8/Modules/CheckFunctionExists.c:3:6: warning: incompatible redeclaration of library function 'sqrt' [-Wincompatible-library-redeclaration]
char CHECK_FUNCTION_EXISTS();
     ^
<command line>:1:31: note: expanded from here
#define CHECK_FUNCTION_EXISTS sqrt
                              ^
/Applications/CMake 2.8-12.app/Contents/share/cmake-2.8/Modules/CheckFunctionExists.c:3:6: note: 'sqrt' is a builtin with type 'double (double)'
<command line>:1:31: note: expanded from here
#define CHECK_FUNCTION_EXISTS sqrt
                              ^
1 warning generated.
Linking C executable cmTryCompileExec2239975589
"/Applications/CMake 2.8-12.app/Contents/bin/cmake" -E cmake_link_script CMakeFiles/cmTryCompileExec2239975589.dir/link.txt --verbose=1
/usr/bin/cc  -Wall -Wno-unused -Wunused-value -Wno-unknown-pragmas   -DCHECK_FUNCTION_EXISTS=sqrt -Wl,-search_paths_first -Wl,-headerpad_max_install_names   CMakeFiles/cmTryCompileExec2239975589.dir/CheckFunctionExists.c.o  -o cmTryCompileExec2239975589  -lm 


Determining if the function cbrt exists in the m passed with the following output:
Change Dir: /Users/er113/2014-05_beth_pcbm-cg-dos/gromacs-4.6.5/build/CMakeFiles/CMakeTmp

Run Build Command:/usr/bin/make "cmTryCompileExec1461734514/fast"
/usr/bin/make -f CMakeFiles/cmTryCompileExec1461734514.dir/build.make CMakeFiles/cmTryCompileExec1461734514.dir/build
"/Applications/CMake 2.8-12.app/Contents/bin/cmake" -E cmake_progress_report /Users/er113/2014-05_beth_pcbm-cg-dos/gromacs-4.6.5/build/CMakeFiles/CMakeTmp/CMakeFiles 1
Building C object CMakeFiles/cmTryCompileExec1461734514.dir/CheckFunctionExists.c.o
/usr/bin/cc   -Wall -Wno-unused -Wunused-value -Wno-unknown-pragmas   -DCHECK_FUNCTION_EXISTS=cbrt   -o CMakeFiles/cmTryCompileExec1461734514.dir/CheckFunctionExists.c.o   -c "/Applications/CMake 2.8-12.app/Contents/share/cmake-2.8/Modules/CheckFunctionExists.c"
/Applications/CMake 2.8-12.app/Contents/share/cmake-2.8/Modules/CheckFunctionExists.c:3:6: warning: incompatible redeclaration of library function 'cbrt' [-Wincompatible-library-redeclaration]
char CHECK_FUNCTION_EXISTS();
     ^
<command line>:1:31: note: expanded from here
#define CHECK_FUNCTION_EXISTS cbrt
                              ^
/Applications/CMake 2.8-12.app/Contents/share/cmake-2.8/Modules/CheckFunctionExists.c:3:6: note: 'cbrt' is a builtin with type 'double (double)'
<command line>:1:31: note: expanded from here
#define CHECK_FUNCTION_EXISTS cbrt
                              ^
1 warning generated.
Linking C executable cmTryCompileExec1461734514
"/Applications/CMake 2.8-12.app/Contents/bin/cmake" -E cmake_link_script CMakeFiles/cmTryCompileExec1461734514.dir/link.txt --verbose=1
/usr/bin/cc  -Wall -Wno-unused -Wunused-value -Wno-unknown-pragmas   -DCHECK_FUNCTION_EXISTS=cbrt -Wl,-search_paths_first -Wl,-headerpad_max_install_names   CMakeFiles/cmTryCompileExec1461734514.dir/CheckFunctionExists.c.o  -o cmTryCompileExec1461734514  -lm 


Determining if the include file stddef.h exists passed with the following output:
Change Dir: /Users/er113/2014-05_beth_pcbm-cg-dos/gromacs-4.6.5/build/CMakeFiles/CMakeTmp

Run Build Command:/usr/bin/make "cmTryCompileExec2948397333/fast"
/usr/bin/make -f CMakeFiles/cmTryCompileExec2948397333.dir/build.make CMakeFiles/cmTryCompileExec2948397333.dir/build
"/Applications/CMake 2.8-12.app/Contents/bin/cmake" -E cmake_progress_report /Users/er113/2014-05_beth_pcbm-cg-dos/gromacs-4.6.5/build/CMakeFiles/CMakeTmp/CMakeFiles 1
Building C object CMakeFiles/cmTryCompileExec2948397333.dir/CheckIncludeFile.c.o
/usr/bin/cc   -Wall -Wno-unused -Wunused-value -Wno-unknown-pragmas      -o CMakeFiles/cmTryCompileExec2948397333.dir/CheckIncludeFile.c.o   -c /Users/er113/2014-05_beth_pcbm-cg-dos/gromacs-4.6.5/build/CMakeFiles/CMakeTmp/CheckIncludeFile.c
Linking C executable cmTryCompileExec2948397333
"/Applications/CMake 2.8-12.app/Contents/bin/cmake" -E cmake_link_script CMakeFiles/cmTryCompileExec2948397333.dir/link.txt --verbose=1
/usr/bin/cc  -Wall -Wno-unused -Wunused-value -Wno-unknown-pragmas    -Wl,-search_paths_first -Wl,-headerpad_max_install_names   CMakeFiles/cmTryCompileExec2948397333.dir/CheckIncludeFile.c.o  -o cmTryCompileExec2948397333  


Determining size of int passed with the following output:
Change Dir: /Users/er113/2014-05_beth_pcbm-cg-dos/gromacs-4.6.5/build/CMakeFiles/CMakeTmp

Run Build Command:/usr/bin/make "cmTryCompileExec767792576/fast"
/usr/bin/make -f CMakeFiles/cmTryCompileExec767792576.dir/build.make CMakeFiles/cmTryCompileExec767792576.dir/build
"/Applications/CMake 2.8-12.app/Contents/bin/cmake" -E cmake_progress_report /Users/er113/2014-05_beth_pcbm-cg-dos/gromacs-4.6.5/build/CMakeFiles/CMakeTmp/CMakeFiles 1
Building C object CMakeFiles/cmTryCompileExec767792576.dir/SIZEOF_INT.c.o
/usr/bin/cc   -Wall -Wno-unused -Wunused-value -Wno-unknown-pragmas      -o CMakeFiles/cmTryCompileExec767792576.dir/SIZEOF_INT.c.o   -c /Users/er113/2014-05_beth_pcbm-cg-dos/gromacs-4.6.5/build/CMakeFiles/CheckTypeSize/SIZEOF_INT.c
Linking C executable cmTryCompileExec767792576
"/Applications/CMake 2.8-12.app/Contents/bin/cmake" -E cmake_link_script CMakeFiles/cmTryCompileExec767792576.dir/link.txt --verbose=1
/usr/bin/cc  -Wall -Wno-unused -Wunused-value -Wno-unknown-pragmas    -Wl,-search_paths_first -Wl,-headerpad_max_install_names   CMakeFiles/cmTryCompileExec767792576.dir/SIZEOF_INT.c.o  -o cmTryCompileExec767792576  


Determining size of long int passed with the following output:
Change Dir: /Users/er113/2014-05_beth_pcbm-cg-dos/gromacs-4.6.5/build/CMakeFiles/CMakeTmp

Run Build Command:/usr/bin/make "cmTryCompileExec2471532193/fast"
/usr/bin/make -f CMakeFiles/cmTryCompileExec2471532193.dir/build.make CMakeFiles/cmTryCompileExec2471532193.dir/build
"/Applications/CMake 2.8-12.app/Contents/bin/cmake" -E cmake_progress_report /Users/er113/2014-05_beth_pcbm-cg-dos/gromacs-4.6.5/build/CMakeFiles/CMakeTmp/CMakeFiles 1
Building C object CMakeFiles/cmTryCompileExec2471532193.dir/SIZEOF_LONG_INT.c.o
/usr/bin/cc   -Wall -Wno-unused -Wunused-value -Wno-unknown-pragmas      -o CMakeFiles/cmTryCompileExec2471532193.dir/SIZEOF_LONG_INT.c.o   -c /Users/er113/2014-05_beth_pcbm-cg-dos/gromacs-4.6.5/build/CMakeFiles/CheckTypeSize/SIZEOF_LONG_INT.c
Linking C executable cmTryCompileExec2471532193
"/Applications/CMake 2.8-12.app/Contents/bin/cmake" -E cmake_link_script CMakeFiles/cmTryCompileExec2471532193.dir/link.txt --verbose=1
/usr/bin/cc  -Wall -Wno-unused -Wunused-value -Wno-unknown-pragmas    -Wl,-search_paths_first -Wl,-headerpad_max_install_names   CMakeFiles/cmTryCompileExec2471532193.dir/SIZEOF_LONG_INT.c.o  -o cmTryCompileExec2471532193  


Determining size of long long int passed with the following output:
Change Dir: /Users/er113/2014-05_beth_pcbm-cg-dos/gromacs-4.6.5/build/CMakeFiles/CMakeTmp

Run Build Command:/usr/bin/make "cmTryCompileExec2252030365/fast"
/usr/bin/make -f CMakeFiles/cmTryCompileExec2252030365.dir/build.make CMakeFiles/cmTryCompileExec2252030365.dir/build
"/Applications/CMake 2.8-12.app/Contents/bin/cmake" -E cmake_progress_report /Users/er113/2014-05_beth_pcbm-cg-dos/gromacs-4.6.5/build/CMakeFiles/CMakeTmp/CMakeFiles 1
Building C object CMakeFiles/cmTryCompileExec2252030365.dir/SIZEOF_LONG_LONG_INT.c.o
/usr/bin/cc   -Wall -Wno-unused -Wunused-value -Wno-unknown-pragmas      -o CMakeFiles/cmTryCompileExec2252030365.dir/SIZEOF_LONG_LONG_INT.c.o   -c /Users/er113/2014-05_beth_pcbm-cg-dos/gromacs-4.6.5/build/CMakeFiles/CheckTypeSize/SIZEOF_LONG_LONG_INT.c
Linking C executable cmTryCompileExec2252030365
"/Applications/CMake 2.8-12.app/Contents/bin/cmake" -E cmake_link_script CMakeFiles/cmTryCompileExec2252030365.dir/link.txt --verbose=1
/usr/bin/cc  -Wall -Wno-unused -Wunused-value -Wno-unknown-pragmas    -Wl,-search_paths_first -Wl,-headerpad_max_install_names   CMakeFiles/cmTryCompileExec2252030365.dir/SIZEOF_LONG_LONG_INT.c.o  -o cmTryCompileExec2252030365  


Determining size of off_t passed with the following output:
Change Dir: /Users/er113/2014-05_beth_pcbm-cg-dos/gromacs-4.6.5/build/CMakeFiles/CMakeTmp

Run Build Command:/usr/bin/make "cmTryCompileExec1526826253/fast"
/usr/bin/make -f CMakeFiles/cmTryCompileExec1526826253.dir/build.make CMakeFiles/cmTryCompileExec1526826253.dir/build
"/Applications/CMake 2.8-12.app/Contents/bin/cmake" -E cmake_progress_report /Users/er113/2014-05_beth_pcbm-cg-dos/gromacs-4.6.5/build/CMakeFiles/CMakeTmp/CMakeFiles 1
Building C object CMakeFiles/cmTryCompileExec1526826253.dir/SIZEOF_OFF_T.c.o
/usr/bin/cc   -Wall -Wno-unused -Wunused-value -Wno-unknown-pragmas      -o CMakeFiles/cmTryCompileExec1526826253.dir/SIZEOF_OFF_T.c.o   -c /Users/er113/2014-05_beth_pcbm-cg-dos/gromacs-4.6.5/build/CMakeFiles/CheckTypeSize/SIZEOF_OFF_T.c
Linking C executable cmTryCompileExec1526826253
"/Applications/CMake 2.8-12.app/Contents/bin/cmake" -E cmake_link_script CMakeFiles/cmTryCompileExec1526826253.dir/link.txt --verbose=1
/usr/bin/cc  -Wall -Wno-unused -Wunused-value -Wno-unknown-pragmas    -Wl,-search_paths_first -Wl,-headerpad_max_install_names   CMakeFiles/cmTryCompileExec1526826253.dir/SIZEOF_OFF_T.c.o  -o cmTryCompileExec1526826253  


Determining size of void * passed with the following output:
Change Dir: /Users/er113/2014-05_beth_pcbm-cg-dos/gromacs-4.6.5/build/CMakeFiles/CMakeTmp

Run Build Command:/usr/bin/make "cmTryCompileExec1077412632/fast"
/usr/bin/make -f CMakeFiles/cmTryCompileExec1077412632.dir/build.make CMakeFiles/cmTryCompileExec1077412632.dir/build
"/Applications/CMake 2.8-12.app/Contents/bin/cmake" -E cmake_progress_report /Users/er113/2014-05_beth_pcbm-cg-dos/gromacs-4.6.5/build/CMakeFiles/CMakeTmp/CMakeFiles 1
Building C object CMakeFiles/cmTryCompileExec1077412632.dir/SIZEOF_VOIDP.c.o
/usr/bin/cc   -Wall -Wno-unused -Wunused-value -Wno-unknown-pragmas      -o CMakeFiles/cmTryCompileExec1077412632.dir/SIZEOF_VOIDP.c.o   -c /Users/er113/2014-05_beth_pcbm-cg-dos/gromacs-4.6.5/build/CMakeFiles/CheckTypeSize/SIZEOF_VOIDP.c
Linking C executable cmTryCompileExec1077412632
"/Applications/CMake 2.8-12.app/Contents/bin/cmake" -E cmake_link_script CMakeFiles/cmTryCompileExec1077412632.dir/link.txt --verbose=1
/usr/bin/cc  -Wall -Wno-unused -Wunused-value -Wno-unknown-pragmas    -Wl,-search_paths_first -Wl,-headerpad_max_install_names   CMakeFiles/cmTryCompileExec1077412632.dir/SIZEOF_VOIDP.c.o  -o cmTryCompileExec1077412632  


Determining size of uid_t passed with the following output:
Change Dir: /Users/er113/2014-05_beth_pcbm-cg-dos/gromacs-4.6.5/build/CMakeFiles/CMakeTmp

Run Build Command:/usr/bin/make "cmTryCompileExec450723192/fast"
/usr/bin/make -f CMakeFiles/cmTryCompileExec450723192.dir/build.make CMakeFiles/cmTryCompileExec450723192.dir/build
"/Applications/CMake 2.8-12.app/Contents/bin/cmake" -E cmake_progress_report /Users/er113/2014-05_beth_pcbm-cg-dos/gromacs-4.6.5/build/CMakeFiles/CMakeTmp/CMakeFiles 1
Building C object CMakeFiles/cmTryCompileExec450723192.dir/uid_t.c.o
/usr/bin/cc   -Wall -Wno-unused -Wunused-value -Wno-unknown-pragmas      -o CMakeFiles/cmTryCompileExec450723192.dir/uid_t.c.o   -c /Users/er113/2014-05_beth_pcbm-cg-dos/gromacs-4.6.5/build/CMakeFiles/CheckTypeSize/uid_t.c
Linking C executable cmTryCompileExec450723192
"/Applications/CMake 2.8-12.app/Contents/bin/cmake" -E cmake_link_script CMakeFiles/cmTryCompileExec450723192.dir/link.txt --verbose=1
/usr/bin/cc  -Wall -Wno-unused -Wunused-value -Wno-unknown-pragmas    -Wl,-search_paths_first -Wl,-headerpad_max_install_names   CMakeFiles/cmTryCompileExec450723192.dir/uid_t.c.o  -o cmTryCompileExec450723192  


Determining size of gid_t passed with the following output:
Change Dir: /Users/er113/2014-05_beth_pcbm-cg-dos/gromacs-4.6.5/build/CMakeFiles/CMakeTmp

Run Build Command:/usr/bin/make "cmTryCompileExec4202953811/fast"
/usr/bin/make -f CMakeFiles/cmTryCompileExec4202953811.dir/build.make CMakeFiles/cmTryCompileExec4202953811.dir/build
"/Applications/CMake 2.8-12.app/Contents/bin/cmake" -E cmake_progress_report /Users/er113/2014-05_beth_pcbm-cg-dos/gromacs-4.6.5/build/CMakeFiles/CMakeTmp/CMakeFiles 1
Building C object CMakeFiles/cmTryCompileExec4202953811.dir/gid_t.c.o
/usr/bin/cc   -Wall -Wno-unused -Wunused-value -Wno-unknown-pragmas      -o CMakeFiles/cmTryCompileExec4202953811.dir/gid_t.c.o   -c /Users/er113/2014-05_beth_pcbm-cg-dos/gromacs-4.6.5/build/CMakeFiles/CheckTypeSize/gid_t.c
Linking C executable cmTryCompileExec4202953811
"/Applications/CMake 2.8-12.app/Contents/bin/cmake" -E cmake_link_script CMakeFiles/cmTryCompileExec4202953811.dir/link.txt --verbose=1
/usr/bin/cc  -Wall -Wno-unused -Wunused-value -Wno-unknown-pragmas    -Wl,-search_paths_first -Wl,-headerpad_max_install_names   CMakeFiles/cmTryCompileExec4202953811.dir/gid_t.c.o  -o cmTryCompileExec4202953811  


Determining size of size_t passed with the following output:
Change Dir: /Users/er113/2014-05_beth_pcbm-cg-dos/gromacs-4.6.5/build/CMakeFiles/CMakeTmp

Run Build Command:/usr/bin/make "cmTryCompileExec3103287850/fast"
/usr/bin/make -f CMakeFiles/cmTryCompileExec3103287850.dir/build.make CMakeFiles/cmTryCompileExec3103287850.dir/build
"/Applications/CMake 2.8-12.app/Contents/bin/cmake" -E cmake_progress_report /Users/er113/2014-05_beth_pcbm-cg-dos/gromacs-4.6.5/build/CMakeFiles/CMakeTmp/CMakeFiles 1
Building C object CMakeFiles/cmTryCompileExec3103287850.dir/size_t.c.o
/usr/bin/cc   -Wall -Wno-unused -Wunused-value -Wno-unknown-pragmas      -o CMakeFiles/cmTryCompileExec3103287850.dir/size_t.c.o   -c /Users/er113/2014-05_beth_pcbm-cg-dos/gromacs-4.6.5/build/CMakeFiles/CheckTypeSize/size_t.c
Linking C executable cmTryCompileExec3103287850
"/Applications/CMake 2.8-12.app/Contents/bin/cmake" -E cmake_link_script CMakeFiles/cmTryCompileExec3103287850.dir/link.txt --verbose=1
/usr/bin/cc  -Wall -Wno-unused -Wunused-value -Wno-unknown-pragmas    -Wl,-search_paths_first -Wl,-headerpad_max_install_names   CMakeFiles/cmTryCompileExec3103287850.dir/size_t.c.o  -o cmTryCompileExec3103287850  


Determining size of off_t passed with the following output:
Change Dir: /Users/er113/2014-05_beth_pcbm-cg-dos/gromacs-4.6.5/build/CMakeFiles/CMakeTmp

Run Build Command:/usr/bin/make "cmTryCompileExec74850558/fast"
/usr/bin/make -f CMakeFiles/cmTryCompileExec74850558.dir/build.make CMakeFiles/cmTryCompileExec74850558.dir/build
"/Applications/CMake 2.8-12.app/Contents/bin/cmake" -E cmake_progress_report /Users/er113/2014-05_beth_pcbm-cg-dos/gromacs-4.6.5/build/CMakeFiles/CMakeTmp/CMakeFiles 1
Building C object CMakeFiles/cmTryCompileExec74850558.dir/off_t.c.o
/usr/bin/cc   -Wall -Wno-unused -Wunused-value -Wno-unknown-pragmas      -o CMakeFiles/cmTryCompileExec74850558.dir/off_t.c.o   -c /Users/er113/2014-05_beth_pcbm-cg-dos/gromacs-4.6.5/build/CMakeFiles/CheckTypeSize/off_t.c
Linking C executable cmTryCompileExec74850558
"/Applications/CMake 2.8-12.app/Contents/bin/cmake" -E cmake_link_script CMakeFiles/cmTryCompileExec74850558.dir/link.txt --verbose=1
/usr/bin/cc  -Wall -Wno-unused -Wunused-value -Wno-unknown-pragmas    -Wl,-search_paths_first -Wl,-headerpad_max_install_names   CMakeFiles/cmTryCompileExec74850558.dir/off_t.c.o  -o cmTryCompileExec74850558  


Determining size of unsigned short passed with the following output:
Change Dir: /Users/er113/2014-05_beth_pcbm-cg-dos/gromacs-4.6.5/build/CMakeFiles/CMakeTmp

Run Build Command:/usr/bin/make "cmTryCompileExec1620362736/fast"
/usr/bin/make -f CMakeFiles/cmTryCompileExec1620362736.dir/build.make CMakeFiles/cmTryCompileExec1620362736.dir/build
"/Applications/CMake 2.8-12.app/Contents/bin/cmake" -E cmake_progress_report /Users/er113/2014-05_beth_pcbm-cg-dos/gromacs-4.6.5/build/CMakeFiles/CMakeTmp/CMakeFiles 1
Building C object CMakeFiles/cmTryCompileExec1620362736.dir/CMAKE_SIZEOF_UNSIGNED_SHORT.c.o
/usr/bin/cc   -Wall -Wno-unused -Wunused-value -Wno-unknown-pragmas      -o CMakeFiles/cmTryCompileExec1620362736.dir/CMAKE_SIZEOF_UNSIGNED_SHORT.c.o   -c /Users/er113/2014-05_beth_pcbm-cg-dos/gromacs-4.6.5/build/CMakeFiles/CheckTypeSize/CMAKE_SIZEOF_UNSIGNED_SHORT.c
Linking C executable cmTryCompileExec1620362736
"/Applications/CMake 2.8-12.app/Contents/bin/cmake" -E cmake_link_script CMakeFiles/cmTryCompileExec1620362736.dir/link.txt --verbose=1
/usr/bin/cc  -Wall -Wno-unused -Wunused-value -Wno-unknown-pragmas    -Wl,-search_paths_first -Wl,-headerpad_max_install_names   CMakeFiles/cmTryCompileExec1620362736.dir/CMAKE_SIZEOF_UNSIGNED_SHORT.c.o  -o cmTryCompileExec1620362736  


Determining if files pthread.h exist passed with the following output:
Change Dir: /Users/er113/2014-05_beth_pcbm-cg-dos/gromacs-4.6.5/build/CMakeFiles/CMakeTmp

Run Build Command:/usr/bin/make "cmTryCompileExec2498385951/fast"
/usr/bin/make -f CMakeFiles/cmTryCompileExec2498385951.dir/build.make CMakeFiles/cmTryCompileExec2498385951.dir/build
"/Applications/CMake 2.8-12.app/Contents/bin/cmake" -E cmake_progress_report /Users/er113/2014-05_beth_pcbm-cg-dos/gromacs-4.6.5/build/CMakeFiles/CMakeTmp/CMakeFiles 1
Building C object CMakeFiles/cmTryCompileExec2498385951.dir/CheckIncludeFiles.c.o
/usr/bin/cc   -Wall -Wno-unused -Wunused-value -Wno-unknown-pragmas      -o CMakeFiles/cmTryCompileExec2498385951.dir/CheckIncludeFiles.c.o   -c /Users/er113/2014-05_beth_pcbm-cg-dos/gromacs-4.6.5/build/CMakeFiles/CMakeTmp/CheckIncludeFiles.c
Linking C executable cmTryCompileExec2498385951
"/Applications/CMake 2.8-12.app/Contents/bin/cmake" -E cmake_link_script CMakeFiles/cmTryCompileExec2498385951.dir/link.txt --verbose=1
/usr/bin/cc  -Wall -Wno-unused -Wunused-value -Wno-unknown-pragmas    -Wl,-search_paths_first -Wl,-headerpad_max_install_names   CMakeFiles/cmTryCompileExec2498385951.dir/CheckIncludeFiles.c.o  -o cmTryCompileExec2498385951  


Determining if the pthread_create exist passed with the following output:
Change Dir: /Users/er113/2014-05_beth_pcbm-cg-dos/gromacs-4.6.5/build/CMakeFiles/CMakeTmp

Run Build Command:/usr/bin/make "cmTryCompileExec3242984433/fast"
/usr/bin/make -f CMakeFiles/cmTryCompileExec3242984433.dir/build.make CMakeFiles/cmTryCompileExec3242984433.dir/build
"/Applications/CMake 2.8-12.app/Contents/bin/cmake" -E cmake_progress_report /Users/er113/2014-05_beth_pcbm-cg-dos/gromacs-4.6.5/build/CMakeFiles/CMakeTmp/CMakeFiles 1
Building C object CMakeFiles/cmTryCompileExec3242984433.dir/CheckSymbolExists.c.o
/usr/bin/cc   -Wall -Wno-unused -Wunused-value -Wno-unknown-pragmas      -o CMakeFiles/cmTryCompileExec3242984433.dir/CheckSymbolExists.c.o   -c /Users/er113/2014-05_beth_pcbm-cg-dos/gromacs-4.6.5/build/CMakeFiles/CMakeTmp/CheckSymbolExists.c
Linking C executable cmTryCompileExec3242984433
"/Applications/CMake 2.8-12.app/Contents/bin/cmake" -E cmake_link_script CMakeFiles/cmTryCompileExec3242984433.dir/link.txt --verbose=1
/usr/bin/cc  -Wall -Wno-unused -Wunused-value -Wno-unknown-pragmas    -Wl,-search_paths_first -Wl,-headerpad_max_install_names   CMakeFiles/cmTryCompileExec3242984433.dir/CheckSymbolExists.c.o  -o cmTryCompileExec3242984433  

File /Users/er113/2014-05_beth_pcbm-cg-dos/gromacs-4.6.5/build/CMakeFiles/CMakeTmp/CheckSymbolExists.c:
/* */
#include <pthread.h>

int main(int argc, char** argv)
{
  (void)argv;
#ifndef pthread_create
  return ((int*)(&pthread_create))[argc];
#else
  (void)argc;
  return 0;
#endif
}

Performing C SOURCE FILE Test isfinite_compile_ok succeded with the following output:
Change Dir: /Users/er113/2014-05_beth_pcbm-cg-dos/gromacs-4.6.5/build/CMakeFiles/CMakeTmp

Run Build Command:/usr/bin/make "cmTryCompileExec264157734/fast"
/usr/bin/make -f CMakeFiles/cmTryCompileExec264157734.dir/build.make CMakeFiles/cmTryCompileExec264157734.dir/build
"/Applications/CMake 2.8-12.app/Contents/bin/cmake" -E cmake_progress_report /Users/er113/2014-05_beth_pcbm-cg-dos/gromacs-4.6.5/build/CMakeFiles/CMakeTmp/CMakeFiles 1
Building C object CMakeFiles/cmTryCompileExec264157734.dir/src.c.o
/usr/bin/cc   -Wall -Wno-unused -Wunused-value -Wno-unknown-pragmas   -Disfinite_compile_ok -I/Users/er113/2014-05_beth_pcbm-cg-dos/gromacs-4.6.5/build/CMakeFiles/CMakeTmp/math.h    -o CMakeFiles/cmTryCompileExec264157734.dir/src.c.o   -c /Users/er113/2014-05_beth_pcbm-cg-dos/gromacs-4.6.5/build/CMakeFiles/CMakeTmp/src.c
/Users/er113/2014-05_beth_pcbm-cg-dos/gromacs-4.6.5/build/CMakeFiles/CMakeTmp/src.c:4:12: warning: variable 'f' is uninitialized when used here [-Wuninitialized]
  isfinite(f);
           ^
/usr/include/math.h:163:64: note: expanded from macro 'isfinite'
    ( sizeof(x) == sizeof(float)  ? __inline_isfinitef((float)(x))       \
                                                               ^
/Users/er113/2014-05_beth_pcbm-cg-dos/gromacs-4.6.5/build/CMakeFiles/CMakeTmp/src.c:3:10: note: initialize the variable 'f' to silence this warning
  float f;
         ^
          = 0.0
1 warning generated.
Linking C executable cmTryCompileExec264157734
"/Applications/CMake 2.8-12.app/Contents/bin/cmake" -E cmake_link_script CMakeFiles/cmTryCompileExec264157734.dir/link.txt --verbose=1
/usr/bin/cc  -Wall -Wno-unused -Wunused-value -Wno-unknown-pragmas   -Disfinite_compile_ok -Wl,-search_paths_first -Wl,-headerpad_max_install_names   CMakeFiles/cmTryCompileExec264157734.dir/src.c.o  -o cmTryCompileExec264157734  -lm 

Source file was:
#include <math.h>
int main(void) {
  float f;
  isfinite(f);
}
Performing C SOURCE FILE Test GNU_AVX_CFLAG succeded with the following output:
Change Dir: /Users/er113/2014-05_beth_pcbm-cg-dos/gromacs-4.6.5/build/CMakeFiles/CMakeTmp

Run Build Command:/usr/bin/make "cmTryCompileExec2547394304/fast"
/usr/bin/make -f CMakeFiles/cmTryCompileExec2547394304.dir/build.make CMakeFiles/cmTryCompileExec2547394304.dir/build
"/Applications/CMake 2.8-12.app/Contents/bin/cmake" -E cmake_progress_report /Users/er113/2014-05_beth_pcbm-cg-dos/gromacs-4.6.5/build/CMakeFiles/CMakeTmp/CMakeFiles 1
Building C object CMakeFiles/cmTryCompileExec2547394304.dir/src.c.o
/usr/bin/cc   -Wall -Wno-unused -Wunused-value -Wno-unknown-pragmas   -DGNU_AVX_CFLAG   -mavx -o CMakeFiles/cmTryCompileExec2547394304.dir/src.c.o   -c /Users/er113/2014-05_beth_pcbm-cg-dos/gromacs-4.6.5/build/CMakeFiles/CMakeTmp/src.c
Linking C executable cmTryCompileExec2547394304
"/Applications/CMake 2.8-12.app/Contents/bin/cmake" -E cmake_link_script CMakeFiles/cmTryCompileExec2547394304.dir/link.txt --verbose=1
/usr/bin/cc  -Wall -Wno-unused -Wunused-value -Wno-unknown-pragmas   -DGNU_AVX_CFLAG -Wl,-search_paths_first -Wl,-headerpad_max_install_names   CMakeFiles/cmTryCompileExec2547394304.dir/src.c.o  -o cmTryCompileExec2547394304  

Source file was:
int main(void) { return 0; }
Determining if the include file immintrin.h exists passed with the following output:
Change Dir: /Users/er113/2014-05_beth_pcbm-cg-dos/gromacs-4.6.5/build/CMakeFiles/CMakeTmp

Run Build Command:/usr/bin/make "cmTryCompileExec32105470/fast"
/usr/bin/make -f CMakeFiles/cmTryCompileExec32105470.dir/build.make CMakeFiles/cmTryCompileExec32105470.dir/build
"/Applications/CMake 2.8-12.app/Contents/bin/cmake" -E cmake_progress_report /Users/er113/2014-05_beth_pcbm-cg-dos/gromacs-4.6.5/build/CMakeFiles/CMakeTmp/CMakeFiles 1
Building C object CMakeFiles/cmTryCompileExec32105470.dir/CheckIncludeFile.c.o
/usr/bin/cc   -Wall -Wno-unused -Wunused-value -Wno-unknown-pragmas   -mavx     -o CMakeFiles/cmTryCompileExec32105470.dir/CheckIncludeFile.c.o   -c /Users/er113/2014-05_beth_pcbm-cg-dos/gromacs-4.6.5/build/CMakeFiles/CMakeTmp/CheckIncludeFile.c
Linking C executable cmTryCompileExec32105470
"/Applications/CMake 2.8-12.app/Contents/bin/cmake" -E cmake_link_script CMakeFiles/cmTryCompileExec32105470.dir/link.txt --verbose=1
/usr/bin/cc  -Wall -Wno-unused -Wunused-value -Wno-unknown-pragmas   -mavx   -Wl,-search_paths_first -Wl,-headerpad_max_install_names   CMakeFiles/cmTryCompileExec32105470.dir/CheckIncludeFile.c.o  -o cmTryCompileExec32105470  


Determining if the include file x86intrin.h exists passed with the following output:
Change Dir: /Users/er113/2014-05_beth_pcbm-cg-dos/gromacs-4.6.5/build/CMakeFiles/CMakeTmp

Run Build Command:/usr/bin/make "cmTryCompileExec1807466464/fast"
/usr/bin/make -f CMakeFiles/cmTryCompileExec1807466464.dir/build.make CMakeFiles/cmTryCompileExec1807466464.dir/build
"/Applications/CMake 2.8-12.app/Contents/bin/cmake" -E cmake_progress_report /Users/er113/2014-05_beth_pcbm-cg-dos/gromacs-4.6.5/build/CMakeFiles/CMakeTmp/CMakeFiles 1
Building C object CMakeFiles/cmTryCompileExec1807466464.dir/CheckIncludeFile.c.o
/usr/bin/cc   -Wall -Wno-unused -Wunused-value -Wno-unknown-pragmas   -mavx     -o CMakeFiles/cmTryCompileExec1807466464.dir/CheckIncludeFile.c.o   -c /Users/er113/2014-05_beth_pcbm-cg-dos/gromacs-4.6.5/build/CMakeFiles/CMakeTmp/CheckIncludeFile.c
Linking C executable cmTryCompileExec1807466464
"/Applications/CMake 2.8-12.app/Contents/bin/cmake" -E cmake_link_script CMakeFiles/cmTryCompileExec1807466464.dir/link.txt --verbose=1
/usr/bin/cc  -Wall -Wno-unused -Wunused-value -Wno-unknown-pragmas   -mavx   -Wl,-search_paths_first -Wl,-headerpad_max_install_names   CMakeFiles/cmTryCompileExec1807466464.dir/CheckIncludeFile.c.o  -o cmTryCompileExec1807466464  


Determining if the function dgemm_ exists passed with the following output:
Change Dir: /Users/er113/2014-05_beth_pcbm-cg-dos/gromacs-4.6.5/build/CMakeFiles/CMakeTmp

Run Build Command:/usr/bin/make "cmTryCompileExec1717464860/fast"
/usr/bin/make -f CMakeFiles/cmTryCompileExec1717464860.dir/build.make CMakeFiles/cmTryCompileExec1717464860.dir/build
"/Applications/CMake 2.8-12.app/Contents/bin/cmake" -E cmake_progress_report /Users/er113/2014-05_beth_pcbm-cg-dos/gromacs-4.6.5/build/CMakeFiles/CMakeTmp/CMakeFiles 1
Building C object CMakeFiles/cmTryCompileExec1717464860.dir/CheckFunctionExists.c.o
/usr/bin/cc   -Wall -Wno-unused -Wunused-value -Wno-unknown-pragmas   -DCHECK_FUNCTION_EXISTS=dgemm_   -o CMakeFiles/cmTryCompileExec1717464860.dir/CheckFunctionExists.c.o   -c "/Applications/CMake 2.8-12.app/Contents/share/cmake-2.8/Modules/CheckFunctionExists.c"
Linking C executable cmTryCompileExec1717464860
"/Applications/CMake 2.8-12.app/Contents/bin/cmake" -E cmake_link_script CMakeFiles/cmTryCompileExec1717464860.dir/link.txt --verbose=1
/usr/bin/cc  -Wall -Wno-unused -Wunused-value -Wno-unknown-pragmas   -DCHECK_FUNCTION_EXISTS=dgemm_ -Wl,-search_paths_first -Wl,-headerpad_max_install_names   CMakeFiles/cmTryCompileExec1717464860.dir/CheckFunctionExists.c.o  -o cmTryCompileExec1717464860  -framework Accelerate 


Determining if the function cheev_ exists passed with the following output:
Change Dir: /Users/er113/2014-05_beth_pcbm-cg-dos/gromacs-4.6.5/build/CMakeFiles/CMakeTmp

Run Build Command:/usr/bin/make "cmTryCompileExec1361574077/fast"
/usr/bin/make -f CMakeFiles/cmTryCompileExec1361574077.dir/build.make CMakeFiles/cmTryCompileExec1361574077.dir/build
"/Applications/CMake 2.8-12.app/Contents/bin/cmake" -E cmake_progress_report /Users/er113/2014-05_beth_pcbm-cg-dos/gromacs-4.6.5/build/CMakeFiles/CMakeTmp/CMakeFiles 1
Building C object CMakeFiles/cmTryCompileExec1361574077.dir/CheckFunctionExists.c.o
/usr/bin/cc   -Wall -Wno-unused -Wunused-value -Wno-unknown-pragmas   -DCHECK_FUNCTION_EXISTS=cheev_   -o CMakeFiles/cmTryCompileExec1361574077.dir/CheckFunctionExists.c.o   -c "/Applications/CMake 2.8-12.app/Contents/share/cmake-2.8/Modules/CheckFunctionExists.c"
Linking C executable cmTryCompileExec1361574077
"/Applications/CMake 2.8-12.app/Contents/bin/cmake" -E cmake_link_script CMakeFiles/cmTryCompileExec1361574077.dir/link.txt --verbose=1
/usr/bin/cc  -Wall -Wno-unused -Wunused-value -Wno-unknown-pragmas   -DCHECK_FUNCTION_EXISTS=cheev_ -Wl,-search_paths_first -Wl,-headerpad_max_install_names   CMakeFiles/cmTryCompileExec1361574077.dir/CheckFunctionExists.c.o  -o cmTryCompileExec1361574077  -framework Accelerate -framework Accelerate 


Performing C SOURCE FILE Test HAVE_DLOPEN succeded with the following output:
Change Dir: /Users/er113/2014-05_beth_pcbm-cg-dos/gromacs-4.6.5/build/CMakeFiles/CMakeTmp

Run Build Command:/usr/bin/make "cmTryCompileExec4105082168/fast"
/usr/bin/make -f CMakeFiles/cmTryCompileExec4105082168.dir/build.make CMakeFiles/cmTryCompileExec4105082168.dir/build
"/Applications/CMake 2.8-12.app/Contents/bin/cmake" -E cmake_progress_report /Users/er113/2014-05_beth_pcbm-cg-dos/gromacs-4.6.5/build/CMakeFiles/CMakeTmp/CMakeFiles 1
Building C object CMakeFiles/cmTryCompileExec4105082168.dir/src.c.o
/usr/bin/cc   -Wall -Wno-unused -Wunused-value -Wno-unknown-pragmas   -DHAVE_DLOPEN -I/Users/er113/2014-05_beth_pcbm-cg-dos/gromacs-4.6.5/build/CMakeFiles/CMakeTmp/dlfcn.h    -o CMakeFiles/cmTryCompileExec4105082168.dir/src.c.o   -c /Users/er113/2014-05_beth_pcbm-cg-dos/gromacs-4.6.5/build/CMakeFiles/CMakeTmp/src.c
Linking C executable cmTryCompileExec4105082168
"/Applications/CMake 2.8-12.app/Contents/bin/cmake" -E cmake_link_script CMakeFiles/cmTryCompileExec4105082168.dir/link.txt --verbose=1
/usr/bin/cc  -Wall -Wno-unused -Wunused-value -Wno-unknown-pragmas   -DHAVE_DLOPEN -Wl,-search_paths_first -Wl,-headerpad_max_install_names   CMakeFiles/cmTryCompileExec4105082168.dir/src.c.o  -o cmTryCompileExec4105082168  -ldl 

Source file was:
#include <dlfcn.h>
int main(void) {
  dlopen(0,0);
}
